{"/home/runner/work/interview-ace/interview-ace/components/CodeBlock.tsx": {"path":"/home/runner/work/interview-ace/interview-ace/components/CodeBlock.tsx","all":false,"statementMap":{"1":{"start":{"line":2,"column":0},"end":{"line":2,"column":59}},"2":{"start":{"line":3,"column":0},"end":{"line":3,"column":54}},"3":{"start":{"line":4,"column":0},"end":{"line":4,"column":46}},"22":{"start":{"line":23,"column":0},"end":{"line":23,"column":29}},"26":{"start":{"line":27,"column":0},"end":{"line":27,"column":37}},"27":{"start":{"line":28,"column":0},"end":{"line":28,"column":9}},"28":{"start":{"line":29,"column":0},"end":{"line":29,"column":21}},"29":{"start":{"line":30,"column":0},"end":{"line":30,"column":98}},"30":{"start":{"line":31,"column":0},"end":{"line":31,"column":12}},"31":{"start":{"line":32,"column":0},"end":{"line":32,"column":59}},"32":{"start":{"line":33,"column":0},"end":{"line":33,"column":88}},"33":{"start":{"line":34,"column":0},"end":{"line":34,"column":7}},"35":{"start":{"line":36,"column":0},"end":{"line":36,"column":10}},"36":{"start":{"line":37,"column":0},"end":{"line":37,"column":11}},"39":{"start":{"line":40,"column":0},"end":{"line":40,"column":66}},"40":{"start":{"line":41,"column":0},"end":{"line":41,"column":71}},"41":{"start":{"line":42,"column":0},"end":{"line":42,"column":50}},"42":{"start":{"line":43,"column":0},"end":{"line":43,"column":44}},"44":{"start":{"line":45,"column":0},"end":{"line":45,"column":19}},"45":{"start":{"line":46,"column":0},"end":{"line":46,"column":26}},"46":{"start":{"line":47,"column":0},"end":{"line":47,"column":52}},"47":{"start":{"line":48,"column":0},"end":{"line":48,"column":5}},"48":{"start":{"line":49,"column":0},"end":{"line":49,"column":25}},"50":{"start":{"line":51,"column":0},"end":{"line":51,"column":28}},"51":{"start":{"line":52,"column":0},"end":{"line":52,"column":52}},"52":{"start":{"line":53,"column":0},"end":{"line":53,"column":22}},"53":{"start":{"line":54,"column":0},"end":{"line":54,"column":47}},"54":{"start":{"line":55,"column":0},"end":{"line":55,"column":4}},"56":{"start":{"line":57,"column":0},"end":{"line":57,"column":23}},"57":{"start":{"line":58,"column":0},"end":{"line":58,"column":40}},"58":{"start":{"line":59,"column":0},"end":{"line":59,"column":32}},"59":{"start":{"line":60,"column":0},"end":{"line":60,"column":27}},"60":{"start":{"line":61,"column":0},"end":{"line":61,"column":4}},"62":{"start":{"line":63,"column":0},"end":{"line":63,"column":10}},"63":{"start":{"line":64,"column":0},"end":{"line":64,"column":66}},"64":{"start":{"line":65,"column":0},"end":{"line":65,"column":104}},"65":{"start":{"line":66,"column":0},"end":{"line":66,"column":30}},"66":{"start":{"line":67,"column":0},"end":{"line":67,"column":22}},"67":{"start":{"line":68,"column":0},"end":{"line":68,"column":29}},"68":{"start":{"line":69,"column":0},"end":{"line":69,"column":48}},"69":{"start":{"line":70,"column":0},"end":{"line":70,"column":55}},"70":{"start":{"line":71,"column":0},"end":{"line":71,"column":12}},"71":{"start":{"line":72,"column":0},"end":{"line":72,"column":22}},"72":{"start":{"line":73,"column":0},"end":{"line":73,"column":25}},"73":{"start":{"line":74,"column":0},"end":{"line":74,"column":44}},"74":{"start":{"line":75,"column":0},"end":{"line":75,"column":51}},"75":{"start":{"line":76,"column":0},"end":{"line":76,"column":12}},"76":{"start":{"line":77,"column":0},"end":{"line":77,"column":22}},"77":{"start":{"line":78,"column":0},"end":{"line":78,"column":23}},"78":{"start":{"line":79,"column":0},"end":{"line":79,"column":42}},"79":{"start":{"line":80,"column":0},"end":{"line":80,"column":49}},"80":{"start":{"line":81,"column":0},"end":{"line":81,"column":12}},"81":{"start":{"line":82,"column":0},"end":{"line":82,"column":14}},"82":{"start":{"line":83,"column":0},"end":{"line":83,"column":16}},"83":{"start":{"line":84,"column":0},"end":{"line":84,"column":30}},"84":{"start":{"line":85,"column":0},"end":{"line":85,"column":105}},"85":{"start":{"line":86,"column":0},"end":{"line":86,"column":45}},"87":{"start":{"line":88,"column":0},"end":{"line":88,"column":23}},"88":{"start":{"line":89,"column":0},"end":{"line":89,"column":14}},"89":{"start":{"line":90,"column":0},"end":{"line":90,"column":62}},"91":{"start":{"line":92,"column":0},"end":{"line":92,"column":15}},"93":{"start":{"line":94,"column":0},"end":{"line":94,"column":14}},"94":{"start":{"line":95,"column":0},"end":{"line":95,"column":51}},"96":{"start":{"line":97,"column":0},"end":{"line":97,"column":15}},"98":{"start":{"line":99,"column":0},"end":{"line":99,"column":17}},"99":{"start":{"line":100,"column":0},"end":{"line":100,"column":12}},"100":{"start":{"line":101,"column":0},"end":{"line":101,"column":56}},"101":{"start":{"line":102,"column":0},"end":{"line":102,"column":67}},"102":{"start":{"line":103,"column":0},"end":{"line":103,"column":66}},"103":{"start":{"line":104,"column":0},"end":{"line":104,"column":30}},"104":{"start":{"line":105,"column":0},"end":{"line":105,"column":17}},"105":{"start":{"line":106,"column":0},"end":{"line":106,"column":14}},"106":{"start":{"line":107,"column":0},"end":{"line":107,"column":12}},"107":{"start":{"line":108,"column":0},"end":{"line":108,"column":10}},"109":{"start":{"line":110,"column":0},"end":{"line":110,"column":2}}},"s":{"1":1,"2":1,"3":1,"22":1,"26":1,"27":111,"28":111,"29":111,"30":111,"31":37,"32":74,"33":111,"35":111,"36":111,"39":1,"40":37,"41":37,"42":37,"44":37,"45":31,"46":31,"47":31,"48":37,"50":37,"51":1,"52":1,"53":1,"54":1,"56":37,"57":37,"58":37,"59":37,"60":37,"62":37,"63":37,"64":37,"65":37,"66":37,"67":37,"68":37,"69":37,"70":37,"71":37,"72":37,"73":37,"74":37,"75":37,"76":37,"77":37,"78":37,"79":37,"80":37,"81":37,"82":37,"83":37,"84":37,"85":37,"87":37,"88":1,"89":1,"91":1,"93":36,"94":36,"96":36,"98":37,"99":37,"100":37,"101":37,"102":37,"103":37,"104":37,"105":37,"106":37,"107":37,"109":37},"branchMap":{"0":{"type":"branch","line":27,"loc":{"start":{"line":27,"column":5},"end":{"line":37,"column":11}},"locations":[{"start":{"line":27,"column":5},"end":{"line":37,"column":11}}]},"1":{"type":"branch","line":31,"loc":{"start":{"line":31,"column":6},"end":{"line":32,"column":59}},"locations":[{"start":{"line":31,"column":6},"end":{"line":32,"column":59}}]},"2":{"type":"branch","line":32,"loc":{"start":{"line":32,"column":10},"end":{"line":33,"column":88}},"locations":[{"start":{"line":32,"column":10},"end":{"line":33,"column":88}}]},"3":{"type":"branch","line":40,"loc":{"start":{"line":40,"column":51},"end":{"line":110,"column":2}},"locations":[{"start":{"line":40,"column":51},"end":{"line":110,"column":2}}]},"4":{"type":"branch","line":88,"loc":{"start":{"line":88,"column":11},"end":{"line":92,"column":15}},"locations":[{"start":{"line":88,"column":11},"end":{"line":92,"column":15}}]},"5":{"type":"branch","line":92,"loc":{"start":{"line":92,"column":12},"end":{"line":97,"column":15}},"locations":[{"start":{"line":92,"column":12},"end":{"line":97,"column":15}}]},"6":{"type":"branch","line":45,"loc":{"start":{"line":45,"column":12},"end":{"line":49,"column":5}},"locations":[{"start":{"line":45,"column":12},"end":{"line":49,"column":5}}]},"7":{"type":"branch","line":51,"loc":{"start":{"line":51,"column":21},"end":{"line":55,"column":4}},"locations":[{"start":{"line":51,"column":21},"end":{"line":55,"column":4}}]},"8":{"type":"branch","line":54,"loc":{"start":{"line":54,"column":15},"end":{"line":54,"column":41}},"locations":[{"start":{"line":54,"column":15},"end":{"line":54,"column":41}}]},"9":{"type":"branch","line":75,"loc":{"start":{"line":75,"column":21},"end":{"line":75,"column":51}},"locations":[{"start":{"line":75,"column":21},"end":{"line":75,"column":51}}]},"10":{"type":"branch","line":80,"loc":{"start":{"line":80,"column":21},"end":{"line":80,"column":49}},"locations":[{"start":{"line":80,"column":21},"end":{"line":80,"column":49}}]}},"b":{"0":[111],"1":[37],"2":[74],"3":[37],"4":[1],"5":[36],"6":[31],"7":[1],"8":[1],"9":[3],"10":[1]},"fnMap":{"0":{"name":"LanguageTab","decl":{"start":{"line":27,"column":5},"end":{"line":37,"column":11}},"loc":{"start":{"line":27,"column":5},"end":{"line":37,"column":11}},"line":27},"1":{"name":"CodeBlock","decl":{"start":{"line":40,"column":51},"end":{"line":110,"column":2}},"loc":{"start":{"line":40,"column":51},"end":{"line":110,"column":2}},"line":40},"2":{"name":"handleCopy","decl":{"start":{"line":51,"column":21},"end":{"line":55,"column":4}},"loc":{"start":{"line":51,"column":21},"end":{"line":55,"column":4}},"line":51},"3":{"name":"onClick","decl":{"start":{"line":70,"column":21},"end":{"line":70,"column":55}},"loc":{"start":{"line":70,"column":21},"end":{"line":70,"column":55}},"line":70},"4":{"name":"onClick","decl":{"start":{"line":75,"column":21},"end":{"line":75,"column":51}},"loc":{"start":{"line":75,"column":21},"end":{"line":75,"column":51}},"line":75},"5":{"name":"onClick","decl":{"start":{"line":80,"column":21},"end":{"line":80,"column":49}},"loc":{"start":{"line":80,"column":21},"end":{"line":80,"column":49}},"line":80}},"f":{"0":111,"1":37,"2":1,"3":0,"4":3,"5":1}}
,"/home/runner/work/interview-ace/interview-ace/components/Mermaid.tsx": {"path":"/home/runner/work/interview-ace/interview-ace/components/Mermaid.tsx","all":true,"statementMap":{"1":{"start":{"line":2,"column":0},"end":{"line":2,"column":49}},"2":{"start":{"line":3,"column":0},"end":{"line":3,"column":30}},"4":{"start":{"line":5,"column":0},"end":{"line":5,"column":20}},"5":{"start":{"line":6,"column":0},"end":{"line":6,"column":20}},"6":{"start":{"line":7,"column":0},"end":{"line":7,"column":19}},"7":{"start":{"line":8,"column":0},"end":{"line":8,"column":25}},"8":{"start":{"line":9,"column":0},"end":{"line":9,"column":34}},"9":{"start":{"line":10,"column":0},"end":{"line":10,"column":3}},"15":{"start":{"line":16,"column":0},"end":{"line":16,"column":63}},"16":{"start":{"line":17,"column":0},"end":{"line":17,"column":43}},"18":{"start":{"line":19,"column":0},"end":{"line":19,"column":19}},"19":{"start":{"line":20,"column":0},"end":{"line":20,"column":31}},"20":{"start":{"line":21,"column":0},"end":{"line":21,"column":52}},"21":{"start":{"line":22,"column":0},"end":{"line":22,"column":30}},"24":{"start":{"line":25,"column":0},"end":{"line":25,"column":36}},"25":{"start":{"line":26,"column":0},"end":{"line":26,"column":43}},"26":{"start":{"line":27,"column":0},"end":{"line":27,"column":5}},"27":{"start":{"line":28,"column":0},"end":{"line":28,"column":14}},"29":{"start":{"line":30,"column":0},"end":{"line":30,"column":10}},"30":{"start":{"line":31,"column":0},"end":{"line":31,"column":100}},"31":{"start":{"line":32,"column":0},"end":{"line":32,"column":13}},"32":{"start":{"line":33,"column":0},"end":{"line":33,"column":10}},"34":{"start":{"line":35,"column":0},"end":{"line":35,"column":2}}},"s":{"1":0,"2":0,"4":0,"5":0,"6":0,"7":0,"8":0,"9":0,"15":0,"16":0,"18":0,"19":0,"20":0,"21":0,"24":0,"25":0,"26":0,"27":0,"29":0,"30":0,"31":0,"32":0,"34":0},"branchMap":{"0":{"type":"branch","line":1,"loc":{"start":{"line":1,"column":816},"end":{"line":35,"column":2}},"locations":[{"start":{"line":1,"column":816},"end":{"line":35,"column":2}}]}},"b":{"0":[1]},"fnMap":{"0":{"name":"(empty-report)","decl":{"start":{"line":1,"column":816},"end":{"line":35,"column":2}},"loc":{"start":{"line":1,"column":816},"end":{"line":35,"column":2}},"line":1}},"f":{"0":1}}
,"/home/runner/work/interview-ace/interview-ace/components/NewQuestionModal.tsx": {"path":"/home/runner/work/interview-ace/interview-ace/components/NewQuestionModal.tsx","all":false,"statementMap":{"1":{"start":{"line":2,"column":0},"end":{"line":2,"column":40}},"2":{"start":{"line":3,"column":0},"end":{"line":3,"column":47}},"11":{"start":{"line":12,"column":0},"end":{"line":12,"column":112}},"12":{"start":{"line":13,"column":0},"end":{"line":13,"column":63}},"13":{"start":{"line":14,"column":0},"end":{"line":14,"column":78}},"14":{"start":{"line":15,"column":0},"end":{"line":15,"column":67}},"16":{"start":{"line":17,"column":0},"end":{"line":17,"column":48}},"17":{"start":{"line":18,"column":0},"end":{"line":18,"column":23}},"18":{"start":{"line":19,"column":0},"end":{"line":19,"column":34}},"19":{"start":{"line":20,"column":0},"end":{"line":20,"column":61}},"20":{"start":{"line":21,"column":0},"end":{"line":21,"column":5}},"21":{"start":{"line":22,"column":0},"end":{"line":22,"column":4}},"23":{"start":{"line":24,"column":0},"end":{"line":24,"column":27}},"25":{"start":{"line":26,"column":0},"end":{"line":26,"column":10}},"26":{"start":{"line":27,"column":0},"end":{"line":27,"column":102}},"27":{"start":{"line":28,"column":0},"end":{"line":28,"column":94}},"28":{"start":{"line":29,"column":0},"end":{"line":29,"column":38}},"29":{"start":{"line":30,"column":0},"end":{"line":30,"column":31}},"30":{"start":{"line":31,"column":0},"end":{"line":31,"column":89}},"31":{"start":{"line":32,"column":0},"end":{"line":32,"column":124}},"33":{"start":{"line":34,"column":0},"end":{"line":34,"column":39}},"34":{"start":{"line":35,"column":0},"end":{"line":35,"column":19}},"35":{"start":{"line":36,"column":0},"end":{"line":36,"column":107}},"37":{"start":{"line":38,"column":0},"end":{"line":38,"column":24}},"38":{"start":{"line":39,"column":0},"end":{"line":39,"column":25}},"39":{"start":{"line":40,"column":0},"end":{"line":40,"column":39}},"40":{"start":{"line":41,"column":0},"end":{"line":41,"column":26}},"41":{"start":{"line":42,"column":0},"end":{"line":42,"column":163}},"42":{"start":{"line":43,"column":0},"end":{"line":43,"column":161}},"43":{"start":{"line":44,"column":0},"end":{"line":44,"column":42}},"44":{"start":{"line":45,"column":0},"end":{"line":45,"column":71}},"45":{"start":{"line":46,"column":0},"end":{"line":46,"column":26}},"46":{"start":{"line":47,"column":0},"end":{"line":47,"column":18}},"47":{"start":{"line":48,"column":0},"end":{"line":48,"column":20}},"49":{"start":{"line":50,"column":0},"end":{"line":50,"column":54}},"50":{"start":{"line":51,"column":0},"end":{"line":51,"column":21}},"51":{"start":{"line":52,"column":0},"end":{"line":52,"column":103}},"53":{"start":{"line":54,"column":0},"end":{"line":54,"column":26}},"54":{"start":{"line":55,"column":0},"end":{"line":55,"column":25}},"55":{"start":{"line":56,"column":0},"end":{"line":56,"column":35}},"56":{"start":{"line":57,"column":0},"end":{"line":57,"column":165}},"57":{"start":{"line":58,"column":0},"end":{"line":58,"column":38}},"58":{"start":{"line":59,"column":0},"end":{"line":59,"column":81}},"60":{"start":{"line":61,"column":0},"end":{"line":61,"column":96}},"61":{"start":{"line":62,"column":0},"end":{"line":62,"column":27}},"62":{"start":{"line":63,"column":0},"end":{"line":63,"column":22}},"63":{"start":{"line":64,"column":0},"end":{"line":64,"column":21}},"64":{"start":{"line":65,"column":0},"end":{"line":65,"column":100}},"66":{"start":{"line":67,"column":0},"end":{"line":67,"column":26}},"67":{"start":{"line":68,"column":0},"end":{"line":68,"column":25}},"68":{"start":{"line":69,"column":0},"end":{"line":69,"column":32}},"69":{"start":{"line":70,"column":0},"end":{"line":70,"column":165}},"70":{"start":{"line":71,"column":0},"end":{"line":71,"column":35}},"71":{"start":{"line":72,"column":0},"end":{"line":72,"column":75}},"73":{"start":{"line":74,"column":0},"end":{"line":74,"column":94}},"74":{"start":{"line":75,"column":0},"end":{"line":75,"column":27}},"75":{"start":{"line":76,"column":0},"end":{"line":76,"column":22}},"76":{"start":{"line":77,"column":0},"end":{"line":77,"column":20}},"77":{"start":{"line":78,"column":0},"end":{"line":78,"column":18}},"78":{"start":{"line":79,"column":0},"end":{"line":79,"column":16}},"80":{"start":{"line":81,"column":0},"end":{"line":81,"column":122}},"81":{"start":{"line":82,"column":0},"end":{"line":82,"column":19}},"82":{"start":{"line":83,"column":0},"end":{"line":83,"column":27}},"83":{"start":{"line":84,"column":0},"end":{"line":84,"column":31}},"84":{"start":{"line":85,"column":0},"end":{"line":85,"column":34}},"85":{"start":{"line":86,"column":0},"end":{"line":86,"column":138}},"86":{"start":{"line":87,"column":0},"end":{"line":87,"column":13}},"88":{"start":{"line":89,"column":0},"end":{"line":89,"column":21}},"89":{"start":{"line":90,"column":0},"end":{"line":90,"column":19}},"90":{"start":{"line":91,"column":0},"end":{"line":91,"column":27}},"91":{"start":{"line":92,"column":0},"end":{"line":92,"column":62}},"92":{"start":{"line":93,"column":0},"end":{"line":93,"column":203}},"94":{"start":{"line":95,"column":0},"end":{"line":95,"column":64}},"95":{"start":{"line":96,"column":0},"end":{"line":96,"column":21}},"96":{"start":{"line":97,"column":0},"end":{"line":97,"column":16}},"97":{"start":{"line":98,"column":0},"end":{"line":98,"column":15}},"98":{"start":{"line":99,"column":0},"end":{"line":99,"column":12}},"99":{"start":{"line":100,"column":0},"end":{"line":100,"column":10}},"101":{"start":{"line":102,"column":0},"end":{"line":102,"column":2}}},"s":{"1":1,"2":1,"11":1,"12":17,"13":17,"14":17,"16":17,"17":2,"18":2,"19":1,"20":1,"21":2,"23":17,"25":16,"26":16,"27":16,"28":16,"29":16,"30":16,"31":16,"33":16,"34":16,"35":16,"37":16,"38":16,"39":16,"40":16,"41":16,"42":16,"43":16,"44":16,"45":16,"46":16,"47":16,"49":16,"50":16,"51":16,"53":16,"54":16,"55":16,"56":16,"57":16,"58":16,"60":16,"61":16,"62":16,"63":16,"64":16,"66":16,"67":16,"68":16,"69":16,"70":16,"71":16,"73":16,"74":16,"75":16,"76":16,"77":16,"78":16,"80":16,"81":16,"82":16,"83":16,"84":16,"85":16,"86":16,"88":16,"89":16,"90":16,"91":17,"92":17,"94":17,"95":17,"96":17,"97":17,"98":17,"99":17,"101":17},"branchMap":{"0":{"type":"branch","line":12,"loc":{"start":{"line":12,"column":65},"end":{"line":102,"column":2}},"locations":[{"start":{"line":12,"column":65},"end":{"line":102,"column":2}}]},"1":{"type":"branch","line":24,"loc":{"start":{"line":24,"column":15},"end":{"line":24,"column":27}},"locations":[{"start":{"line":24,"column":15},"end":{"line":24,"column":27}}]},"2":{"type":"branch","line":24,"loc":{"start":{"line":24,"column":22},"end":{"line":92,"column":37}},"locations":[{"start":{"line":24,"column":22},"end":{"line":92,"column":37}}]},"3":{"type":"branch","line":92,"loc":{"start":{"line":92,"column":24},"end":{"line":92,"column":62}},"locations":[{"start":{"line":92,"column":24},"end":{"line":92,"column":62}}]},"4":{"type":"branch","line":95,"loc":{"start":{"line":95,"column":15},"end":{"line":95,"column":45}},"locations":[{"start":{"line":95,"column":15},"end":{"line":95,"column":45}}]},"5":{"type":"branch","line":95,"loc":{"start":{"line":95,"column":27},"end":{"line":95,"column":64}},"locations":[{"start":{"line":95,"column":27},"end":{"line":95,"column":64}}]},"6":{"type":"branch","line":17,"loc":{"start":{"line":17,"column":23},"end":{"line":22,"column":4}},"locations":[{"start":{"line":17,"column":23},"end":{"line":22,"column":4}}]},"7":{"type":"branch","line":19,"loc":{"start":{"line":19,"column":33},"end":{"line":21,"column":5}},"locations":[{"start":{"line":19,"column":33},"end":{"line":21,"column":5}}]},"8":{"type":"branch","line":45,"loc":{"start":{"line":45,"column":28},"end":{"line":45,"column":71}},"locations":[{"start":{"line":45,"column":28},"end":{"line":45,"column":71}}]},"9":{"type":"branch","line":59,"loc":{"start":{"line":59,"column":30},"end":{"line":59,"column":81}},"locations":[{"start":{"line":59,"column":30},"end":{"line":59,"column":81}}]},"10":{"type":"branch","line":61,"loc":{"start":{"line":61,"column":51},"end":{"line":61,"column":94}},"locations":[{"start":{"line":61,"column":51},"end":{"line":61,"column":94}}]},"11":{"type":"branch","line":72,"loc":{"start":{"line":72,"column":30},"end":{"line":72,"column":75}},"locations":[{"start":{"line":72,"column":30},"end":{"line":72,"column":75}}]},"12":{"type":"branch","line":74,"loc":{"start":{"line":74,"column":49},"end":{"line":74,"column":92}},"locations":[{"start":{"line":74,"column":49},"end":{"line":74,"column":92}}]}},"b":{"0":[17],"1":[1],"2":[16],"3":[15],"4":[1],"5":[15],"6":[2],"7":[1],"8":[3],"9":[1],"10":[48],"11":[1],"12":[128]},"fnMap":{"0":{"name":"NewQuestionModal","decl":{"start":{"line":12,"column":65},"end":{"line":102,"column":2}},"loc":{"start":{"line":12,"column":65},"end":{"line":102,"column":2}},"line":12},"1":{"name":"handleSubmit","decl":{"start":{"line":17,"column":23},"end":{"line":22,"column":4}},"loc":{"start":{"line":17,"column":23},"end":{"line":22,"column":4}},"line":17},"2":{"name":"onChange","decl":{"start":{"line":45,"column":28},"end":{"line":45,"column":71}},"loc":{"start":{"line":45,"column":28},"end":{"line":45,"column":71}},"line":45},"3":{"name":"onChange","decl":{"start":{"line":59,"column":30},"end":{"line":59,"column":81}},"loc":{"start":{"line":59,"column":30},"end":{"line":59,"column":81}},"line":59},"4":{"name":"onChange","decl":{"start":{"line":72,"column":30},"end":{"line":72,"column":75}},"loc":{"start":{"line":72,"column":30},"end":{"line":72,"column":75}},"line":72}},"f":{"0":17,"1":2,"2":3,"3":1,"4":1}}
,"/home/runner/work/interview-ace/interview-ace/components/QuestionView.tsx": {"path":"/home/runner/work/interview-ace/interview-ace/components/QuestionView.tsx","all":false,"statementMap":{"0":{"start":{"line":1,"column":0},"end":{"line":1,"column":26}},"2":{"start":{"line":3,"column":0},"end":{"line":3,"column":40}},"3":{"start":{"line":4,"column":0},"end":{"line":4,"column":36}},"4":{"start":{"line":5,"column":0},"end":{"line":5,"column":46}},"5":{"start":{"line":6,"column":0},"end":{"line":6,"column":52}},"7":{"start":{"line":8,"column":0},"end":{"line":8,"column":119}},"8":{"start":{"line":9,"column":0},"end":{"line":9,"column":24}},"9":{"start":{"line":10,"column":0},"end":{"line":10,"column":90}},"10":{"start":{"line":11,"column":0},"end":{"line":11,"column":67}},"11":{"start":{"line":12,"column":0},"end":{"line":12,"column":13}},"12":{"start":{"line":13,"column":0},"end":{"line":13,"column":9}},"13":{"start":{"line":14,"column":0},"end":{"line":14,"column":67}},"14":{"start":{"line":15,"column":0},"end":{"line":15,"column":8}},"17":{"start":{"line":18,"column":0},"end":{"line":18,"column":40}},"18":{"start":{"line":19,"column":0},"end":{"line":19,"column":51}},"19":{"start":{"line":20,"column":0},"end":{"line":20,"column":39}},"20":{"start":{"line":21,"column":0},"end":{"line":21,"column":41}},"21":{"start":{"line":22,"column":0},"end":{"line":22,"column":76}},"22":{"start":{"line":23,"column":0},"end":{"line":23,"column":104}},"23":{"start":{"line":24,"column":0},"end":{"line":24,"column":12}},"24":{"start":{"line":25,"column":0},"end":{"line":25,"column":48}},"25":{"start":{"line":26,"column":0},"end":{"line":26,"column":13}},"26":{"start":{"line":27,"column":0},"end":{"line":27,"column":68}},"27":{"start":{"line":28,"column":0},"end":{"line":28,"column":37}},"28":{"start":{"line":29,"column":0},"end":{"line":29,"column":66}},"29":{"start":{"line":30,"column":0},"end":{"line":30,"column":66}},"30":{"start":{"line":31,"column":0},"end":{"line":31,"column":65}},"31":{"start":{"line":32,"column":0},"end":{"line":32,"column":16}},"32":{"start":{"line":33,"column":0},"end":{"line":33,"column":14}},"34":{"start":{"line":35,"column":0},"end":{"line":35,"column":13}},"35":{"start":{"line":36,"column":0},"end":{"line":36,"column":61}},"36":{"start":{"line":37,"column":0},"end":{"line":37,"column":14}},"38":{"start":{"line":39,"column":0},"end":{"line":39,"column":13}},"39":{"start":{"line":40,"column":0},"end":{"line":40,"column":68}},"40":{"start":{"line":41,"column":0},"end":{"line":41,"column":37}},"41":{"start":{"line":42,"column":0},"end":{"line":42,"column":53}},"42":{"start":{"line":43,"column":0},"end":{"line":43,"column":70}},"43":{"start":{"line":44,"column":0},"end":{"line":44,"column":68}},"44":{"start":{"line":45,"column":0},"end":{"line":45,"column":18}},"45":{"start":{"line":46,"column":0},"end":{"line":46,"column":53}},"46":{"start":{"line":47,"column":0},"end":{"line":47,"column":70}},"47":{"start":{"line":48,"column":0},"end":{"line":48,"column":67}},"48":{"start":{"line":49,"column":0},"end":{"line":49,"column":18}},"49":{"start":{"line":50,"column":0},"end":{"line":50,"column":16}},"50":{"start":{"line":51,"column":0},"end":{"line":51,"column":14}},"52":{"start":{"line":53,"column":0},"end":{"line":53,"column":13}},"53":{"start":{"line":54,"column":0},"end":{"line":54,"column":68}},"54":{"start":{"line":55,"column":0},"end":{"line":55,"column":68}},"55":{"start":{"line":56,"column":0},"end":{"line":56,"column":42}},"56":{"start":{"line":57,"column":0},"end":{"line":57,"column":66}},"57":{"start":{"line":58,"column":0},"end":{"line":58,"column":16}},"58":{"start":{"line":59,"column":0},"end":{"line":59,"column":50}},"59":{"start":{"line":60,"column":0},"end":{"line":60,"column":63}},"60":{"start":{"line":61,"column":0},"end":{"line":61,"column":63}},"61":{"start":{"line":62,"column":0},"end":{"line":62,"column":16}},"62":{"start":{"line":63,"column":0},"end":{"line":63,"column":14}},"64":{"start":{"line":65,"column":0},"end":{"line":65,"column":13}},"65":{"start":{"line":66,"column":0},"end":{"line":66,"column":68}},"66":{"start":{"line":67,"column":0},"end":{"line":67,"column":61}},"67":{"start":{"line":68,"column":0},"end":{"line":68,"column":14}},"68":{"start":{"line":69,"column":0},"end":{"line":69,"column":12}},"69":{"start":{"line":70,"column":0},"end":{"line":70,"column":10}},"70":{"start":{"line":71,"column":0},"end":{"line":71,"column":8}},"78":{"start":{"line":79,"column":0},"end":{"line":79,"column":99}},"79":{"start":{"line":80,"column":0},"end":{"line":80,"column":84}},"81":{"start":{"line":82,"column":0},"end":{"line":82,"column":68}},"82":{"start":{"line":83,"column":0},"end":{"line":83,"column":29}},"83":{"start":{"line":84,"column":0},"end":{"line":84,"column":61}},"85":{"start":{"line":86,"column":0},"end":{"line":86,"column":70}},"86":{"start":{"line":87,"column":0},"end":{"line":87,"column":30}},"87":{"start":{"line":88,"column":0},"end":{"line":88,"column":62}},"89":{"start":{"line":90,"column":0},"end":{"line":90,"column":10}},"90":{"start":{"line":91,"column":0},"end":{"line":91,"column":9}},"91":{"start":{"line":92,"column":0},"end":{"line":92,"column":75}},"92":{"start":{"line":93,"column":0},"end":{"line":93,"column":70}},"93":{"start":{"line":94,"column":0},"end":{"line":94,"column":67}},"94":{"start":{"line":95,"column":0},"end":{"line":95,"column":82}},"95":{"start":{"line":96,"column":0},"end":{"line":96,"column":42}},"96":{"start":{"line":97,"column":0},"end":{"line":97,"column":24}},"97":{"start":{"line":98,"column":0},"end":{"line":98,"column":80}},"98":{"start":{"line":99,"column":0},"end":{"line":99,"column":17}},"99":{"start":{"line":100,"column":0},"end":{"line":100,"column":13}},"100":{"start":{"line":101,"column":0},"end":{"line":101,"column":13}},"101":{"start":{"line":102,"column":0},"end":{"line":102,"column":63}},"102":{"start":{"line":103,"column":0},"end":{"line":103,"column":76}},"103":{"start":{"line":104,"column":0},"end":{"line":104,"column":82}},"104":{"start":{"line":105,"column":0},"end":{"line":105,"column":101}},"105":{"start":{"line":106,"column":0},"end":{"line":106,"column":113}},"106":{"start":{"line":107,"column":0},"end":{"line":107,"column":16}},"107":{"start":{"line":108,"column":0},"end":{"line":108,"column":76}},"108":{"start":{"line":109,"column":0},"end":{"line":109,"column":83}},"109":{"start":{"line":110,"column":0},"end":{"line":110,"column":102}},"110":{"start":{"line":111,"column":0},"end":{"line":111,"column":115}},"111":{"start":{"line":112,"column":0},"end":{"line":112,"column":16}},"112":{"start":{"line":113,"column":0},"end":{"line":113,"column":14}},"113":{"start":{"line":114,"column":0},"end":{"line":114,"column":12}},"114":{"start":{"line":115,"column":0},"end":{"line":115,"column":10}},"116":{"start":{"line":117,"column":0},"end":{"line":117,"column":2}},"126":{"start":{"line":127,"column":0},"end":{"line":127,"column":105}},"127":{"start":{"line":128,"column":0},"end":{"line":128,"column":49}},"129":{"start":{"line":130,"column":0},"end":{"line":130,"column":18}},"130":{"start":{"line":131,"column":0},"end":{"line":131,"column":12}},"131":{"start":{"line":132,"column":0},"end":{"line":132,"column":74}},"132":{"start":{"line":133,"column":0},"end":{"line":133,"column":42}},"133":{"start":{"line":134,"column":0},"end":{"line":134,"column":85}},"134":{"start":{"line":135,"column":0},"end":{"line":135,"column":114}},"135":{"start":{"line":136,"column":0},"end":{"line":136,"column":14}},"136":{"start":{"line":137,"column":0},"end":{"line":137,"column":12}},"138":{"start":{"line":139,"column":0},"end":{"line":139,"column":3}},"140":{"start":{"line":141,"column":0},"end":{"line":141,"column":59}},"142":{"start":{"line":143,"column":0},"end":{"line":143,"column":30}},"143":{"start":{"line":144,"column":0},"end":{"line":144,"column":30}},"144":{"start":{"line":145,"column":0},"end":{"line":145,"column":3}},"146":{"start":{"line":147,"column":0},"end":{"line":147,"column":17}},"147":{"start":{"line":148,"column":0},"end":{"line":148,"column":97}},"148":{"start":{"line":149,"column":0},"end":{"line":149,"column":3}},"150":{"start":{"line":151,"column":0},"end":{"line":151,"column":10}},"151":{"start":{"line":152,"column":0},"end":{"line":152,"column":59}},"152":{"start":{"line":153,"column":0},"end":{"line":153,"column":45}},"153":{"start":{"line":154,"column":0},"end":{"line":154,"column":79}},"154":{"start":{"line":155,"column":0},"end":{"line":155,"column":78}},"155":{"start":{"line":156,"column":0},"end":{"line":156,"column":53}},"156":{"start":{"line":157,"column":0},"end":{"line":157,"column":87}},"157":{"start":{"line":158,"column":0},"end":{"line":158,"column":71}},"158":{"start":{"line":159,"column":0},"end":{"line":159,"column":84}},"159":{"start":{"line":160,"column":0},"end":{"line":160,"column":77}},"160":{"start":{"line":161,"column":0},"end":{"line":161,"column":74}},"161":{"start":{"line":162,"column":0},"end":{"line":162,"column":113}},"162":{"start":{"line":163,"column":0},"end":{"line":163,"column":18}},"163":{"start":{"line":164,"column":0},"end":{"line":164,"column":16}},"164":{"start":{"line":165,"column":0},"end":{"line":165,"column":11}},"165":{"start":{"line":166,"column":0},"end":{"line":166,"column":16}},"167":{"start":{"line":168,"column":0},"end":{"line":168,"column":52}},"168":{"start":{"line":169,"column":0},"end":{"line":169,"column":56}},"169":{"start":{"line":170,"column":0},"end":{"line":170,"column":67}},"170":{"start":{"line":171,"column":0},"end":{"line":171,"column":13}},"171":{"start":{"line":172,"column":0},"end":{"line":172,"column":16}},"173":{"start":{"line":174,"column":0},"end":{"line":174,"column":49}},"174":{"start":{"line":175,"column":0},"end":{"line":175,"column":35}},"175":{"start":{"line":176,"column":0},"end":{"line":176,"column":99}},"177":{"start":{"line":178,"column":0},"end":{"line":178,"column":15}},"178":{"start":{"line":179,"column":0},"end":{"line":179,"column":96}},"179":{"start":{"line":180,"column":0},"end":{"line":180,"column":82}},"180":{"start":{"line":181,"column":0},"end":{"line":181,"column":111}},"181":{"start":{"line":182,"column":0},"end":{"line":182,"column":18}},"182":{"start":{"line":183,"column":0},"end":{"line":183,"column":16}},"184":{"start":{"line":185,"column":0},"end":{"line":185,"column":101}},"185":{"start":{"line":186,"column":0},"end":{"line":186,"column":14}},"186":{"start":{"line":187,"column":0},"end":{"line":187,"column":16}},"188":{"start":{"line":189,"column":0},"end":{"line":189,"column":39}},"189":{"start":{"line":190,"column":0},"end":{"line":190,"column":39}},"190":{"start":{"line":191,"column":0},"end":{"line":191,"column":86}},"191":{"start":{"line":192,"column":0},"end":{"line":192,"column":33}},"192":{"start":{"line":193,"column":0},"end":{"line":193,"column":92}},"193":{"start":{"line":194,"column":0},"end":{"line":194,"column":18}},"194":{"start":{"line":195,"column":0},"end":{"line":195,"column":69}},"195":{"start":{"line":196,"column":0},"end":{"line":196,"column":62}},"196":{"start":{"line":197,"column":0},"end":{"line":197,"column":123}},"197":{"start":{"line":198,"column":0},"end":{"line":198,"column":18}},"198":{"start":{"line":199,"column":0},"end":{"line":199,"column":16}},"199":{"start":{"line":200,"column":0},"end":{"line":200,"column":18}},"202":{"start":{"line":203,"column":0},"end":{"line":203,"column":43}},"203":{"start":{"line":204,"column":0},"end":{"line":204,"column":41}},"204":{"start":{"line":205,"column":0},"end":{"line":205,"column":16}},"206":{"start":{"line":207,"column":0},"end":{"line":207,"column":41}},"207":{"start":{"line":208,"column":0},"end":{"line":208,"column":35}},"208":{"start":{"line":209,"column":0},"end":{"line":209,"column":45}},"209":{"start":{"line":210,"column":0},"end":{"line":210,"column":84}},"210":{"start":{"line":211,"column":0},"end":{"line":211,"column":76}},"211":{"start":{"line":212,"column":0},"end":{"line":212,"column":91}},"212":{"start":{"line":213,"column":0},"end":{"line":213,"column":18}},"213":{"start":{"line":214,"column":0},"end":{"line":214,"column":13}},"214":{"start":{"line":215,"column":0},"end":{"line":215,"column":14}},"215":{"start":{"line":216,"column":0},"end":{"line":216,"column":16}},"218":{"start":{"line":219,"column":0},"end":{"line":219,"column":32}},"219":{"start":{"line":220,"column":0},"end":{"line":220,"column":76}},"220":{"start":{"line":221,"column":0},"end":{"line":221,"column":45}},"221":{"start":{"line":222,"column":0},"end":{"line":222,"column":161}},"222":{"start":{"line":223,"column":0},"end":{"line":223,"column":76}},"223":{"start":{"line":224,"column":0},"end":{"line":224,"column":71}},"224":{"start":{"line":225,"column":0},"end":{"line":225,"column":80}},"225":{"start":{"line":226,"column":0},"end":{"line":226,"column":69}},"226":{"start":{"line":227,"column":0},"end":{"line":227,"column":24}},"227":{"start":{"line":228,"column":0},"end":{"line":228,"column":42}},"228":{"start":{"line":229,"column":0},"end":{"line":229,"column":97}},"229":{"start":{"line":230,"column":0},"end":{"line":230,"column":26}},"230":{"start":{"line":231,"column":0},"end":{"line":231,"column":40}},"231":{"start":{"line":232,"column":0},"end":{"line":232,"column":33}},"232":{"start":{"line":233,"column":0},"end":{"line":233,"column":69}},"233":{"start":{"line":234,"column":0},"end":{"line":234,"column":215}},"234":{"start":{"line":235,"column":0},"end":{"line":235,"column":36}},"235":{"start":{"line":236,"column":0},"end":{"line":236,"column":65}},"236":{"start":{"line":237,"column":0},"end":{"line":237,"column":41}},"237":{"start":{"line":238,"column":0},"end":{"line":238,"column":79}},"238":{"start":{"line":239,"column":0},"end":{"line":239,"column":43}},"239":{"start":{"line":240,"column":0},"end":{"line":240,"column":40}},"240":{"start":{"line":241,"column":0},"end":{"line":241,"column":25}},"241":{"start":{"line":242,"column":0},"end":{"line":242,"column":24}},"242":{"start":{"line":243,"column":0},"end":{"line":243,"column":42}},"243":{"start":{"line":244,"column":0},"end":{"line":244,"column":22}},"244":{"start":{"line":245,"column":0},"end":{"line":245,"column":24}},"245":{"start":{"line":246,"column":0},"end":{"line":246,"column":22}},"247":{"start":{"line":248,"column":0},"end":{"line":248,"column":61}},"248":{"start":{"line":249,"column":0},"end":{"line":249,"column":25}},"249":{"start":{"line":250,"column":0},"end":{"line":250,"column":72}},"250":{"start":{"line":251,"column":0},"end":{"line":251,"column":58}},"251":{"start":{"line":252,"column":0},"end":{"line":252,"column":291}},"252":{"start":{"line":253,"column":0},"end":{"line":253,"column":19}},"254":{"start":{"line":255,"column":0},"end":{"line":255,"column":27}},"255":{"start":{"line":256,"column":0},"end":{"line":256,"column":25}},"256":{"start":{"line":257,"column":0},"end":{"line":257,"column":36}},"257":{"start":{"line":258,"column":0},"end":{"line":258,"column":40}},"258":{"start":{"line":259,"column":0},"end":{"line":259,"column":256}},"260":{"start":{"line":261,"column":0},"end":{"line":261,"column":34}},"261":{"start":{"line":262,"column":0},"end":{"line":262,"column":115}},"263":{"start":{"line":264,"column":0},"end":{"line":264,"column":55}},"264":{"start":{"line":265,"column":0},"end":{"line":265,"column":22}},"266":{"start":{"line":267,"column":0},"end":{"line":267,"column":27}},"267":{"start":{"line":268,"column":0},"end":{"line":268,"column":22}},"268":{"start":{"line":269,"column":0},"end":{"line":269,"column":20}},"270":{"start":{"line":271,"column":0},"end":{"line":271,"column":29}},"271":{"start":{"line":272,"column":0},"end":{"line":272,"column":151}},"272":{"start":{"line":273,"column":0},"end":{"line":273,"column":54}},"274":{"start":{"line":275,"column":0},"end":{"line":275,"column":22}},"276":{"start":{"line":277,"column":0},"end":{"line":277,"column":18}},"277":{"start":{"line":278,"column":0},"end":{"line":278,"column":16}},"278":{"start":{"line":279,"column":0},"end":{"line":279,"column":14}},"280":{"start":{"line":281,"column":0},"end":{"line":281,"column":10}},"282":{"start":{"line":283,"column":0},"end":{"line":283,"column":2}}},"s":{"0":1,"2":1,"3":1,"4":1,"5":1,"7":1,"8":131,"9":131,"10":131,"11":131,"12":131,"13":131,"14":131,"17":1,"18":1,"19":1,"20":1,"21":1,"22":1,"23":1,"24":1,"25":1,"26":1,"27":1,"28":1,"29":1,"30":1,"31":1,"32":1,"34":1,"35":1,"36":1,"38":1,"39":1,"40":1,"41":1,"42":1,"43":1,"44":1,"45":1,"46":1,"47":1,"48":1,"49":1,"50":1,"52":1,"53":1,"54":1,"55":1,"56":1,"57":1,"58":1,"59":1,"60":1,"61":1,"62":1,"64":1,"65":1,"66":1,"67":1,"68":1,"69":1,"70":1,"78":1,"79":44,"81":44,"82":43,"83":1,"85":44,"86":43,"87":1,"89":44,"90":44,"91":44,"92":44,"93":44,"94":44,"95":44,"96":87,"97":87,"98":87,"99":44,"100":44,"101":44,"102":44,"103":44,"104":44,"105":44,"106":44,"107":44,"108":44,"109":44,"110":44,"111":44,"112":44,"113":44,"114":44,"116":44,"126":1,"127":25,"129":25,"130":1,"131":1,"132":1,"133":1,"134":1,"135":1,"136":1,"138":1,"140":25,"142":25,"143":1,"144":1,"146":25,"147":1,"148":1,"150":22,"151":22,"152":22,"153":22,"154":22,"155":22,"156":44,"157":44,"158":44,"159":44,"160":44,"161":44,"162":44,"163":44,"164":22,"165":22,"167":22,"168":22,"169":22,"170":22,"171":22,"173":22,"174":22,"175":22,"177":22,"178":22,"179":22,"180":22,"181":22,"182":22,"184":22,"185":22,"186":22,"188":22,"189":21,"190":21,"191":21,"192":21,"193":21,"194":21,"195":21,"196":21,"197":21,"198":21,"199":21,"202":25,"203":25,"204":25,"206":25,"207":25,"208":25,"209":22,"210":22,"211":22,"212":22,"213":25,"214":25,"215":25,"218":25,"219":11,"220":11,"221":11,"222":11,"223":11,"224":11,"225":11,"226":11,"227":11,"228":11,"229":11,"230":11,"231":11,"232":11,"233":11,"234":11,"235":11,"236":11,"237":2,"238":1,"239":1,"240":1,"241":2,"242":11,"243":11,"244":11,"245":11,"247":11,"248":11,"249":11,"250":11,"251":11,"252":11,"254":11,"255":11,"256":11,"257":11,"258":11,"260":11,"261":0,"263":11,"264":11,"266":11,"267":11,"268":11,"270":11,"271":0,"272":0,"274":0,"276":11,"277":11,"278":11,"280":25,"282":25},"branchMap":{"0":{"type":"branch","line":8,"loc":{"start":{"line":8,"column":87},"end":{"line":15,"column":8}},"locations":[{"start":{"line":8,"column":87},"end":{"line":15,"column":8}}]},"1":{"type":"branch","line":11,"loc":{"start":{"line":11,"column":7},"end":{"line":11,"column":67}},"locations":[{"start":{"line":11,"column":7},"end":{"line":11,"column":67}}]},"2":{"type":"branch","line":18,"loc":{"start":{"line":18,"column":33},"end":{"line":71,"column":8}},"locations":[{"start":{"line":18,"column":33},"end":{"line":71,"column":8}}]},"3":{"type":"branch","line":79,"loc":{"start":{"line":79,"column":73},"end":{"line":117,"column":2}},"locations":[{"start":{"line":79,"column":73},"end":{"line":117,"column":2}}]},"4":{"type":"branch","line":82,"loc":{"start":{"line":82,"column":60},"end":{"line":83,"column":29}},"locations":[{"start":{"line":82,"column":60},"end":{"line":83,"column":29}}]},"5":{"type":"branch","line":83,"loc":{"start":{"line":83,"column":15},"end":{"line":84,"column":61}},"locations":[{"start":{"line":83,"column":15},"end":{"line":84,"column":61}}]},"6":{"type":"branch","line":86,"loc":{"start":{"line":86,"column":62},"end":{"line":87,"column":30}},"locations":[{"start":{"line":86,"column":62},"end":{"line":87,"column":30}}]},"7":{"type":"branch","line":87,"loc":{"start":{"line":87,"column":15},"end":{"line":88,"column":62}},"locations":[{"start":{"line":87,"column":15},"end":{"line":88,"column":62}}]},"8":{"type":"branch","line":106,"loc":{"start":{"line":106,"column":28},"end":{"line":106,"column":113}},"locations":[{"start":{"line":106,"column":28},"end":{"line":106,"column":113}}]},"9":{"type":"branch","line":111,"loc":{"start":{"line":111,"column":29},"end":{"line":111,"column":115}},"locations":[{"start":{"line":111,"column":29},"end":{"line":111,"column":115}}]},"10":{"type":"branch","line":80,"loc":{"start":{"line":80,"column":56},"end":{"line":80,"column":82}},"locations":[{"start":{"line":80,"column":56},"end":{"line":80,"column":82}}]},"11":{"type":"branch","line":96,"loc":{"start":{"line":96,"column":27},"end":{"line":99,"column":17}},"locations":[{"start":{"line":96,"column":27},"end":{"line":99,"column":17}}]},"12":{"type":"branch","line":127,"loc":{"start":{"line":127,"column":57},"end":{"line":283,"column":2}},"locations":[{"start":{"line":127,"column":57},"end":{"line":283,"column":2}}]},"13":{"type":"branch","line":130,"loc":{"start":{"line":130,"column":17},"end":{"line":139,"column":3}},"locations":[{"start":{"line":130,"column":17},"end":{"line":139,"column":3}}]},"14":{"type":"branch","line":139,"loc":{"start":{"line":139,"column":2},"end":{"line":141,"column":42}},"locations":[{"start":{"line":139,"column":2},"end":{"line":141,"column":42}}]},"15":{"type":"branch","line":141,"loc":{"start":{"line":141,"column":27},"end":{"line":141,"column":59}},"locations":[{"start":{"line":141,"column":27},"end":{"line":141,"column":59}}]},"16":{"type":"branch","line":143,"loc":{"start":{"line":143,"column":6},"end":{"line":143,"column":29}},"locations":[{"start":{"line":143,"column":6},"end":{"line":143,"column":29}}]},"17":{"type":"branch","line":143,"loc":{"start":{"line":143,"column":29},"end":{"line":145,"column":3}},"locations":[{"start":{"line":143,"column":29},"end":{"line":145,"column":3}}]},"18":{"type":"branch","line":145,"loc":{"start":{"line":145,"column":2},"end":{"line":147,"column":16}},"locations":[{"start":{"line":145,"column":2},"end":{"line":147,"column":16}}]},"19":{"type":"branch","line":147,"loc":{"start":{"line":147,"column":16},"end":{"line":149,"column":3}},"locations":[{"start":{"line":147,"column":16},"end":{"line":149,"column":3}}]},"20":{"type":"branch","line":149,"loc":{"start":{"line":149,"column":2},"end":{"line":189,"column":39}},"locations":[{"start":{"line":149,"column":2},"end":{"line":189,"column":39}}]},"21":{"type":"branch","line":189,"loc":{"start":{"line":189,"column":23},"end":{"line":200,"column":18}},"locations":[{"start":{"line":189,"column":23},"end":{"line":200,"column":18}}]},"22":{"type":"branch","line":219,"loc":{"start":{"line":219,"column":16},"end":{"line":279,"column":14}},"locations":[{"start":{"line":219,"column":16},"end":{"line":279,"column":14}}]},"23":{"type":"branch","line":261,"loc":{"start":{"line":261,"column":21},"end":{"line":262,"column":115}},"locations":[{"start":{"line":261,"column":21},"end":{"line":262,"column":115}}]},"24":{"type":"branch","line":271,"loc":{"start":{"line":271,"column":15},"end":{"line":275,"column":22}},"locations":[{"start":{"line":271,"column":15},"end":{"line":275,"column":22}}]},"25":{"type":"branch","line":156,"loc":{"start":{"line":156,"column":41},"end":{"line":164,"column":16}},"locations":[{"start":{"line":156,"column":41},"end":{"line":164,"column":16}}]},"26":{"type":"branch","line":162,"loc":{"start":{"line":162,"column":18},"end":{"line":162,"column":113}},"locations":[{"start":{"line":162,"column":18},"end":{"line":162,"column":113}}]},"27":{"type":"branch","line":170,"loc":{"start":{"line":170,"column":33},"end":{"line":170,"column":65}},"locations":[{"start":{"line":170,"column":33},"end":{"line":170,"column":65}}]},"28":{"type":"branch","line":209,"loc":{"start":{"line":209,"column":33},"end":{"line":213,"column":18}},"locations":[{"start":{"line":209,"column":33},"end":{"line":213,"column":18}}]},"29":{"type":"branch","line":236,"loc":{"start":{"line":236,"column":32},"end":{"line":236,"column":65}},"locations":[{"start":{"line":236,"column":32},"end":{"line":236,"column":65}}]},"30":{"type":"branch","line":237,"loc":{"start":{"line":237,"column":33},"end":{"line":242,"column":24}},"locations":[{"start":{"line":237,"column":33},"end":{"line":242,"column":24}}]},"31":{"type":"branch","line":238,"loc":{"start":{"line":238,"column":61},"end":{"line":238,"column":78}},"locations":[{"start":{"line":238,"column":61},"end":{"line":238,"column":78}}]},"32":{"type":"branch","line":238,"loc":{"start":{"line":238,"column":78},"end":{"line":241,"column":25}},"locations":[{"start":{"line":238,"column":78},"end":{"line":241,"column":25}}]},"33":{"type":"branch","line":250,"loc":{"start":{"line":250,"column":29},"end":{"line":250,"column":72}},"locations":[{"start":{"line":250,"column":29},"end":{"line":250,"column":72}}]}},"b":{"0":[131],"1":[66],"2":[1],"3":[44],"4":[43],"5":[1],"6":[43],"7":[1],"8":[43],"9":[43],"10":[87],"11":[87],"12":[25],"13":[1],"14":[24],"15":[13],"16":[1],"17":[1],"18":[23],"19":[1],"20":[22],"21":[21],"22":[11],"23":[0],"24":[0],"25":[44],"26":[22],"27":[44],"28":[22],"29":[2],"30":[2],"31":[1],"32":[1],"33":[1]},"fnMap":{"0":{"name":"Section","decl":{"start":{"line":8,"column":87},"end":{"line":15,"column":8}},"loc":{"start":{"line":8,"column":87},"end":{"line":15,"column":8}},"line":8},"1":{"name":"SkeletonLoader","decl":{"start":{"line":18,"column":33},"end":{"line":71,"column":8}},"loc":{"start":{"line":18,"column":33},"end":{"line":71,"column":8}},"line":18},"2":{"name":"ApproachView","decl":{"start":{"line":79,"column":73},"end":{"line":117,"column":2}},"loc":{"start":{"line":79,"column":73},"end":{"line":117,"column":2}},"line":79},"3":{"name":"QuestionView","decl":{"start":{"line":127,"column":57},"end":{"line":283,"column":2}},"loc":{"start":{"line":127,"column":57},"end":{"line":283,"column":2}},"line":127},"4":{"name":"onChange","decl":{"start":{"line":236,"column":32},"end":{"line":236,"column":65}},"loc":{"start":{"line":236,"column":32},"end":{"line":236,"column":65}},"line":236},"5":{"name":"onKeyDown","decl":{"start":{"line":237,"column":33},"end":{"line":242,"column":24}},"loc":{"start":{"line":237,"column":33},"end":{"line":242,"column":24}},"line":237},"6":{"name":"onClick","decl":{"start":{"line":250,"column":29},"end":{"line":250,"column":72}},"loc":{"start":{"line":250,"column":29},"end":{"line":250,"column":72}},"line":250}},"f":{"0":131,"1":1,"2":44,"3":25,"4":2,"5":2,"6":1}}
,"/home/runner/work/interview-ace/interview-ace/components/Sidebar.tsx": {"path":"/home/runner/work/interview-ace/interview-ace/components/Sidebar.tsx","all":false,"statementMap":{"1":{"start":{"line":2,"column":0},"end":{"line":2,"column":49}},"3":{"start":{"line":4,"column":0},"end":{"line":4,"column":47}},"4":{"start":{"line":5,"column":0},"end":{"line":5,"column":44}},"5":{"start":{"line":6,"column":0},"end":{"line":6,"column":38}},"17":{"start":{"line":18,"column":0},"end":{"line":18,"column":83}},"18":{"start":{"line":19,"column":0},"end":{"line":19,"column":18}},"19":{"start":{"line":20,"column":0},"end":{"line":20,"column":53}},"20":{"start":{"line":21,"column":0},"end":{"line":21,"column":57}},"21":{"start":{"line":22,"column":0},"end":{"line":22,"column":49}},"22":{"start":{"line":23,"column":0},"end":{"line":23,"column":4}},"23":{"start":{"line":24,"column":0},"end":{"line":24,"column":10}},"24":{"start":{"line":25,"column":0},"end":{"line":25,"column":91}},"25":{"start":{"line":26,"column":0},"end":{"line":26,"column":18}},"26":{"start":{"line":27,"column":0},"end":{"line":27,"column":11}},"28":{"start":{"line":29,"column":0},"end":{"line":29,"column":2}},"30":{"start":{"line":31,"column":0},"end":{"line":31,"column":170}},"31":{"start":{"line":32,"column":0},"end":{"line":32,"column":12}},"32":{"start":{"line":33,"column":0},"end":{"line":33,"column":25}},"33":{"start":{"line":34,"column":0},"end":{"line":34,"column":27}},"34":{"start":{"line":35,"column":0},"end":{"line":35,"column":85}},"35":{"start":{"line":36,"column":0},"end":{"line":36,"column":21}},"36":{"start":{"line":37,"column":0},"end":{"line":37,"column":42}},"37":{"start":{"line":38,"column":0},"end":{"line":38,"column":63}},"38":{"start":{"line":39,"column":0},"end":{"line":39,"column":59}},"40":{"start":{"line":41,"column":0},"end":{"line":41,"column":18}},"41":{"start":{"line":42,"column":0},"end":{"line":42,"column":13}},"44":{"start":{"line":45,"column":0},"end":{"line":45,"column":143}},"45":{"start":{"line":46,"column":0},"end":{"line":46,"column":51}},"46":{"start":{"line":47,"column":0},"end":{"line":47,"column":90}},"48":{"start":{"line":49,"column":0},"end":{"line":49,"column":43}},"49":{"start":{"line":50,"column":0},"end":{"line":50,"column":34}},"50":{"start":{"line":51,"column":0},"end":{"line":51,"column":82}},"51":{"start":{"line":52,"column":0},"end":{"line":52,"column":98}},"52":{"start":{"line":53,"column":0},"end":{"line":53,"column":43}},"53":{"start":{"line":54,"column":0},"end":{"line":54,"column":7}},"54":{"start":{"line":55,"column":0},"end":{"line":55,"column":50}},"56":{"start":{"line":57,"column":0},"end":{"line":57,"column":42}},"57":{"start":{"line":58,"column":0},"end":{"line":58,"column":56}},"58":{"start":{"line":59,"column":0},"end":{"line":59,"column":58}},"59":{"start":{"line":60,"column":0},"end":{"line":60,"column":26}},"60":{"start":{"line":61,"column":0},"end":{"line":61,"column":26}},"61":{"start":{"line":62,"column":0},"end":{"line":62,"column":7}},"62":{"start":{"line":63,"column":0},"end":{"line":63,"column":34}},"63":{"start":{"line":64,"column":0},"end":{"line":64,"column":17}},"64":{"start":{"line":65,"column":0},"end":{"line":65,"column":42}},"65":{"start":{"line":66,"column":0},"end":{"line":66,"column":26}},"67":{"start":{"line":68,"column":0},"end":{"line":68,"column":46}},"68":{"start":{"line":69,"column":0},"end":{"line":69,"column":111}},"70":{"start":{"line":71,"column":0},"end":{"line":71,"column":10}},"71":{"start":{"line":72,"column":0},"end":{"line":72,"column":248}},"72":{"start":{"line":73,"column":0},"end":{"line":73,"column":86}},"73":{"start":{"line":74,"column":0},"end":{"line":74,"column":13}},"74":{"start":{"line":75,"column":0},"end":{"line":75,"column":75}},"75":{"start":{"line":76,"column":0},"end":{"line":76,"column":78}},"76":{"start":{"line":77,"column":0},"end":{"line":77,"column":14}},"77":{"start":{"line":78,"column":0},"end":{"line":78,"column":90}},"78":{"start":{"line":79,"column":0},"end":{"line":79,"column":39}},"79":{"start":{"line":80,"column":0},"end":{"line":80,"column":17}},"80":{"start":{"line":81,"column":0},"end":{"line":81,"column":12}},"82":{"start":{"line":83,"column":0},"end":{"line":83,"column":52}},"83":{"start":{"line":84,"column":0},"end":{"line":84,"column":14}},"84":{"start":{"line":85,"column":0},"end":{"line":85,"column":23}},"85":{"start":{"line":86,"column":0},"end":{"line":86,"column":45}},"86":{"start":{"line":87,"column":0},"end":{"line":87,"column":30}},"87":{"start":{"line":88,"column":0},"end":{"line":88,"column":59}},"88":{"start":{"line":89,"column":0},"end":{"line":89,"column":32}},"89":{"start":{"line":90,"column":0},"end":{"line":90,"column":201}},"90":{"start":{"line":91,"column":0},"end":{"line":91,"column":10}},"91":{"start":{"line":92,"column":0},"end":{"line":92,"column":64}},"92":{"start":{"line":93,"column":0},"end":{"line":93,"column":82}},"93":{"start":{"line":94,"column":0},"end":{"line":94,"column":37}},"94":{"start":{"line":95,"column":0},"end":{"line":95,"column":132}},"95":{"start":{"line":96,"column":0},"end":{"line":96,"column":17}},"96":{"start":{"line":97,"column":0},"end":{"line":97,"column":27}},"97":{"start":{"line":98,"column":0},"end":{"line":98,"column":13}},"98":{"start":{"line":99,"column":0},"end":{"line":99,"column":14}},"99":{"start":{"line":100,"column":0},"end":{"line":100,"column":12}},"101":{"start":{"line":102,"column":0},"end":{"line":102,"column":49}},"102":{"start":{"line":103,"column":0},"end":{"line":103,"column":29}},"103":{"start":{"line":104,"column":0},"end":{"line":104,"column":17}},"104":{"start":{"line":105,"column":0},"end":{"line":105,"column":30}},"105":{"start":{"line":106,"column":0},"end":{"line":106,"column":32}},"106":{"start":{"line":107,"column":0},"end":{"line":107,"column":228}},"108":{"start":{"line":109,"column":0},"end":{"line":109,"column":44}},"110":{"start":{"line":111,"column":0},"end":{"line":111,"column":19}},"111":{"start":{"line":112,"column":0},"end":{"line":112,"column":14}},"112":{"start":{"line":113,"column":0},"end":{"line":113,"column":35}},"113":{"start":{"line":114,"column":0},"end":{"line":114,"column":45}},"114":{"start":{"line":115,"column":0},"end":{"line":115,"column":65}},"115":{"start":{"line":116,"column":0},"end":{"line":116,"column":65}},"116":{"start":{"line":117,"column":0},"end":{"line":117,"column":83}},"117":{"start":{"line":118,"column":0},"end":{"line":118,"column":18}},"119":{"start":{"line":120,"column":0},"end":{"line":120,"column":41}},"120":{"start":{"line":121,"column":0},"end":{"line":121,"column":44}},"121":{"start":{"line":122,"column":0},"end":{"line":122,"column":52}},"122":{"start":{"line":123,"column":0},"end":{"line":123,"column":114}},"123":{"start":{"line":124,"column":0},"end":{"line":124,"column":49}},"124":{"start":{"line":125,"column":0},"end":{"line":125,"column":59}},"125":{"start":{"line":126,"column":0},"end":{"line":126,"column":37}},"126":{"start":{"line":127,"column":0},"end":{"line":127,"column":26}},"127":{"start":{"line":128,"column":0},"end":{"line":128,"column":34}},"128":{"start":{"line":129,"column":0},"end":{"line":129,"column":43}},"129":{"start":{"line":130,"column":0},"end":{"line":130,"column":47}},"130":{"start":{"line":131,"column":0},"end":{"line":131,"column":50}},"131":{"start":{"line":132,"column":0},"end":{"line":132,"column":51}},"132":{"start":{"line":133,"column":0},"end":{"line":133,"column":28}},"133":{"start":{"line":134,"column":0},"end":{"line":134,"column":115}},"134":{"start":{"line":135,"column":0},"end":{"line":135,"column":55}},"135":{"start":{"line":136,"column":0},"end":{"line":136,"column":60}},"136":{"start":{"line":137,"column":0},"end":{"line":137,"column":85}},"137":{"start":{"line":138,"column":0},"end":{"line":138,"column":81}},"139":{"start":{"line":140,"column":0},"end":{"line":140,"column":81}},"140":{"start":{"line":141,"column":0},"end":{"line":141,"column":71}},"141":{"start":{"line":142,"column":0},"end":{"line":142,"column":28}},"142":{"start":{"line":143,"column":0},"end":{"line":143,"column":27}},"143":{"start":{"line":144,"column":0},"end":{"line":144,"column":23}},"144":{"start":{"line":145,"column":0},"end":{"line":145,"column":23}},"145":{"start":{"line":146,"column":0},"end":{"line":146,"column":22}},"147":{"start":{"line":148,"column":0},"end":{"line":148,"column":14}},"149":{"start":{"line":150,"column":0},"end":{"line":150,"column":14}},"150":{"start":{"line":151,"column":0},"end":{"line":151,"column":12}},"151":{"start":{"line":152,"column":0},"end":{"line":152,"column":10}},"153":{"start":{"line":154,"column":0},"end":{"line":154,"column":2}}},"s":{"1":1,"3":1,"4":1,"5":1,"17":1,"18":67,"19":67,"20":67,"21":67,"22":67,"23":67,"24":67,"25":67,"26":67,"28":67,"30":1,"31":92,"32":92,"33":92,"34":92,"35":92,"36":23,"37":69,"38":92,"40":92,"41":92,"44":1,"45":23,"46":23,"48":23,"49":23,"50":88,"51":88,"52":88,"53":23,"54":23,"56":23,"57":23,"58":67,"59":67,"60":52,"61":52,"62":67,"63":67,"64":23,"65":23,"67":23,"68":23,"70":23,"71":23,"72":23,"73":23,"74":23,"75":23,"76":23,"77":23,"78":23,"79":23,"80":23,"82":23,"83":23,"84":23,"85":23,"86":23,"87":23,"88":23,"89":23,"90":23,"91":23,"92":23,"93":23,"94":92,"95":92,"96":92,"97":23,"98":23,"99":23,"101":23,"102":23,"103":23,"104":23,"105":23,"106":23,"108":23,"110":23,"111":23,"112":23,"113":23,"114":2,"115":2,"116":2,"117":2,"119":21,"120":168,"121":52,"122":52,"123":52,"124":52,"125":67,"126":67,"127":67,"128":67,"129":2,"130":2,"131":1,"132":2,"133":67,"134":67,"135":1,"136":66,"137":67,"139":67,"140":67,"141":67,"142":67,"143":52,"144":52,"145":52,"147":21,"149":23,"150":23,"151":23,"153":23},"branchMap":{"0":{"type":"branch","line":18,"loc":{"start":{"line":18,"column":62},"end":{"line":29,"column":2}},"locations":[{"start":{"line":18,"column":62},"end":{"line":29,"column":2}}]},"1":{"type":"branch","line":31,"loc":{"start":{"line":31,"column":122},"end":{"line":42,"column":13}},"locations":[{"start":{"line":31,"column":122},"end":{"line":42,"column":13}}]},"2":{"type":"branch","line":36,"loc":{"start":{"line":36,"column":12},"end":{"line":37,"column":42}},"locations":[{"start":{"line":36,"column":12},"end":{"line":37,"column":42}}]},"3":{"type":"branch","line":37,"loc":{"start":{"line":37,"column":18},"end":{"line":38,"column":63}},"locations":[{"start":{"line":37,"column":18},"end":{"line":38,"column":63}}]},"4":{"type":"branch","line":45,"loc":{"start":{"line":45,"column":47},"end":{"line":154,"column":2}},"locations":[{"start":{"line":45,"column":47},"end":{"line":154,"column":2}}]},"5":{"type":"branch","line":72,"loc":{"start":{"line":72,"column":207},"end":{"line":72,"column":244}},"locations":[{"start":{"line":72,"column":207},"end":{"line":72,"column":244}}]},"6":{"type":"branch","line":114,"loc":{"start":{"line":114,"column":40},"end":{"line":118,"column":18}},"locations":[{"start":{"line":114,"column":40},"end":{"line":118,"column":18}}]},"7":{"type":"branch","line":118,"loc":{"start":{"line":118,"column":12},"end":{"line":148,"column":14}},"locations":[{"start":{"line":118,"column":12},"end":{"line":148,"column":14}}]},"8":{"type":"branch","line":49,"loc":{"start":{"line":49,"column":36},"end":{"line":55,"column":5}},"locations":[{"start":{"line":49,"column":36},"end":{"line":55,"column":5}}]},"9":{"type":"branch","line":50,"loc":{"start":{"line":50,"column":28},"end":{"line":54,"column":5}},"locations":[{"start":{"line":50,"column":28},"end":{"line":54,"column":5}}]},"10":{"type":"branch","line":52,"loc":{"start":{"line":52,"column":53},"end":{"line":52,"column":98}},"locations":[{"start":{"line":52,"column":53},"end":{"line":52,"column":98}}]},"11":{"type":"branch","line":53,"loc":{"start":{"line":53,"column":13},"end":{"line":53,"column":43}},"locations":[{"start":{"line":53,"column":13},"end":{"line":53,"column":43}}]},"12":{"type":"branch","line":57,"loc":{"start":{"line":57,"column":35},"end":{"line":66,"column":5}},"locations":[{"start":{"line":57,"column":35},"end":{"line":66,"column":5}}]},"13":{"type":"branch","line":58,"loc":{"start":{"line":58,"column":36},"end":{"line":65,"column":7}},"locations":[{"start":{"line":58,"column":36},"end":{"line":65,"column":7}}]},"14":{"type":"branch","line":59,"loc":{"start":{"line":59,"column":31},"end":{"line":59,"column":58}},"locations":[{"start":{"line":59,"column":31},"end":{"line":59,"column":58}}]},"15":{"type":"branch","line":60,"loc":{"start":{"line":60,"column":25},"end":{"line":62,"column":7}},"locations":[{"start":{"line":60,"column":25},"end":{"line":62,"column":7}}]},"16":{"type":"branch","line":88,"loc":{"start":{"line":88,"column":22},"end":{"line":88,"column":59}},"locations":[{"start":{"line":88,"column":22},"end":{"line":88,"column":59}}]},"17":{"type":"branch","line":94,"loc":{"start":{"line":94,"column":31},"end":{"line":97,"column":27}},"locations":[{"start":{"line":94,"column":31},"end":{"line":97,"column":27}}]},"18":{"type":"branch","line":95,"loc":{"start":{"line":95,"column":43},"end":{"line":95,"column":75}},"locations":[{"start":{"line":95,"column":43},"end":{"line":95,"column":75}}]},"19":{"type":"branch","line":120,"loc":{"start":{"line":120,"column":29},"end":{"line":146,"column":22}},"locations":[{"start":{"line":120,"column":29},"end":{"line":146,"column":22}}]},"20":{"type":"branch","line":121,"loc":{"start":{"line":121,"column":38},"end":{"line":146,"column":22}},"locations":[{"start":{"line":121,"column":38},"end":{"line":146,"column":22}}]},"21":{"type":"branch","line":125,"loc":{"start":{"line":125,"column":51},"end":{"line":143,"column":27}},"locations":[{"start":{"line":125,"column":51},"end":{"line":143,"column":27}}]},"22":{"type":"branch","line":135,"loc":{"start":{"line":135,"column":53},"end":{"line":136,"column":60}},"locations":[{"start":{"line":135,"column":53},"end":{"line":136,"column":60}}]},"23":{"type":"branch","line":136,"loc":{"start":{"line":136,"column":32},"end":{"line":137,"column":85}},"locations":[{"start":{"line":136,"column":32},"end":{"line":137,"column":85}}]},"24":{"type":"branch","line":138,"loc":{"start":{"line":138,"column":30},"end":{"line":138,"column":76}},"locations":[{"start":{"line":138,"column":30},"end":{"line":138,"column":76}}]},"25":{"type":"branch","line":138,"loc":{"start":{"line":138,"column":42},"end":{"line":138,"column":78}},"locations":[{"start":{"line":138,"column":42},"end":{"line":138,"column":78}}]},"26":{"type":"branch","line":129,"loc":{"start":{"line":129,"column":35},"end":{"line":133,"column":28}},"locations":[{"start":{"line":129,"column":35},"end":{"line":133,"column":28}}]},"27":{"type":"branch","line":131,"loc":{"start":{"line":131,"column":43},"end":{"line":132,"column":51}},"locations":[{"start":{"line":131,"column":43},"end":{"line":132,"column":51}}]}},"b":{"0":[67],"1":[92],"2":[23],"3":[69],"4":[23],"5":[0],"6":[2],"7":[21],"8":[23],"9":[88],"10":[12],"11":[72],"12":[23],"13":[67],"14":[0],"15":[52],"16":[4],"17":[92],"18":[4],"19":[168],"20":[52],"21":[67],"22":[1],"23":[66],"24":[4],"25":[63],"26":[2],"27":[1]},"fnMap":{"0":{"name":"DifficultyBadge","decl":{"start":{"line":18,"column":62},"end":{"line":29,"column":2}},"loc":{"start":{"line":18,"column":62},"end":{"line":29,"column":2}},"line":18},"1":{"name":"FilterButton","decl":{"start":{"line":31,"column":122},"end":{"line":42,"column":13}},"loc":{"start":{"line":31,"column":122},"end":{"line":42,"column":13}},"line":31},"2":{"name":"Sidebar","decl":{"start":{"line":45,"column":47},"end":{"line":154,"column":2}},"loc":{"start":{"line":45,"column":47},"end":{"line":154,"column":2}},"line":45},"3":{"name":"onChange","decl":{"start":{"line":88,"column":22},"end":{"line":88,"column":59}},"loc":{"start":{"line":88,"column":22},"end":{"line":88,"column":59}},"line":88},"4":{"name":"onClick","decl":{"start":{"line":95,"column":43},"end":{"line":95,"column":75}},"loc":{"start":{"line":95,"column":43},"end":{"line":95,"column":75}},"line":95},"5":{"name":"onClick","decl":{"start":{"line":129,"column":35},"end":{"line":133,"column":28}},"loc":{"start":{"line":129,"column":35},"end":{"line":133,"column":28}},"line":129}},"f":{"0":67,"1":92,"2":23,"3":4,"4":4,"5":2}}
,"/home/runner/work/interview-ace/interview-ace/components/icons/CheckIcon.tsx": {"path":"/home/runner/work/interview-ace/interview-ace/components/icons/CheckIcon.tsx","all":false,"statementMap":{"2":{"start":{"line":3,"column":0},"end":{"line":3,"column":78}},"3":{"start":{"line":4,"column":0},"end":{"line":4,"column":127}},"4":{"start":{"line":5,"column":0},"end":{"line":5,"column":87}},"5":{"start":{"line":6,"column":0},"end":{"line":6,"column":10}}},"s":{"2":1,"3":12,"4":12,"5":12},"branchMap":{"0":{"type":"branch","line":3,"loc":{"start":{"line":3,"column":66},"end":{"line":6,"column":10}},"locations":[{"start":{"line":3,"column":66},"end":{"line":6,"column":10}}]}},"b":{"0":[12]},"fnMap":{"0":{"name":"CheckIcon","decl":{"start":{"line":3,"column":66},"end":{"line":6,"column":10}},"loc":{"start":{"line":3,"column":66},"end":{"line":6,"column":10}},"line":3}},"f":{"0":12}}
,"/home/runner/work/interview-ace/interview-ace/components/icons/ClipboardIcon.tsx": {"path":"/home/runner/work/interview-ace/interview-ace/components/icons/ClipboardIcon.tsx","all":false,"statementMap":{"2":{"start":{"line":3,"column":0},"end":{"line":3,"column":82}},"3":{"start":{"line":4,"column":0},"end":{"line":4,"column":127}},"4":{"start":{"line":5,"column":0},"end":{"line":5,"column":399}},"5":{"start":{"line":6,"column":0},"end":{"line":6,"column":10}}},"s":{"2":1,"3":36,"4":36,"5":36},"branchMap":{"0":{"type":"branch","line":3,"loc":{"start":{"line":3,"column":70},"end":{"line":6,"column":10}},"locations":[{"start":{"line":3,"column":70},"end":{"line":6,"column":10}}]}},"b":{"0":[36]},"fnMap":{"0":{"name":"ClipboardIcon","decl":{"start":{"line":3,"column":70},"end":{"line":6,"column":10}},"loc":{"start":{"line":3,"column":70},"end":{"line":6,"column":10}},"line":3}},"f":{"0":36}}
,"/home/runner/work/interview-ace/interview-ace/components/icons/MenuIcon.tsx": {"path":"/home/runner/work/interview-ace/interview-ace/components/icons/MenuIcon.tsx","all":true,"statementMap":{"2":{"start":{"line":3,"column":0},"end":{"line":3,"column":77}},"3":{"start":{"line":4,"column":0},"end":{"line":4,"column":125}},"4":{"start":{"line":5,"column":0},"end":{"line":5,"column":106}},"5":{"start":{"line":6,"column":0},"end":{"line":6,"column":8}}},"s":{"2":0,"3":0,"4":0,"5":0},"branchMap":{"0":{"type":"branch","line":1,"loc":{"start":{"line":1,"column":350},"end":{"line":7,"column":2}},"locations":[{"start":{"line":1,"column":350},"end":{"line":7,"column":2}}]}},"b":{"0":[1]},"fnMap":{"0":{"name":"(empty-report)","decl":{"start":{"line":1,"column":350},"end":{"line":7,"column":2}},"loc":{"start":{"line":1,"column":350},"end":{"line":7,"column":2}},"line":1}},"f":{"0":1}}
,"/home/runner/work/interview-ace/interview-ace/components/icons/PlusIcon.tsx": {"path":"/home/runner/work/interview-ace/interview-ace/components/icons/PlusIcon.tsx","all":false,"statementMap":{"3":{"start":{"line":4,"column":0},"end":{"line":4,"column":77}},"4":{"start":{"line":5,"column":0},"end":{"line":5,"column":6}},"5":{"start":{"line":6,"column":0},"end":{"line":6,"column":38}},"6":{"start":{"line":7,"column":0},"end":{"line":7,"column":15}},"7":{"start":{"line":8,"column":0},"end":{"line":8,"column":23}},"8":{"start":{"line":9,"column":0},"end":{"line":9,"column":21}},"9":{"start":{"line":10,"column":0},"end":{"line":10,"column":25}},"10":{"start":{"line":11,"column":0},"end":{"line":11,"column":14}},"12":{"start":{"line":13,"column":0},"end":{"line":13,"column":9}},"13":{"start":{"line":14,"column":0},"end":{"line":14,"column":27}},"14":{"start":{"line":15,"column":0},"end":{"line":15,"column":28}},"15":{"start":{"line":16,"column":0},"end":{"line":16,"column":32}},"16":{"start":{"line":17,"column":0},"end":{"line":17,"column":6}},"17":{"start":{"line":18,"column":0},"end":{"line":18,"column":8}}},"s":{"3":1,"4":23,"5":23,"6":23,"7":23,"8":23,"9":23,"10":23,"12":23,"13":23,"14":23,"15":23,"16":23,"17":23},"branchMap":{"0":{"type":"branch","line":4,"loc":{"start":{"line":4,"column":65},"end":{"line":18,"column":8}},"locations":[{"start":{"line":4,"column":65},"end":{"line":18,"column":8}}]}},"b":{"0":[23]},"fnMap":{"0":{"name":"PlusIcon","decl":{"start":{"line":4,"column":65},"end":{"line":18,"column":8}},"loc":{"start":{"line":4,"column":65},"end":{"line":18,"column":8}},"line":4}},"f":{"0":23}}
,"/home/runner/work/interview-ace/interview-ace/components/icons/SparklesIcon.tsx": {"path":"/home/runner/work/interview-ace/interview-ace/components/icons/SparklesIcon.tsx","all":false,"statementMap":{"3":{"start":{"line":4,"column":0},"end":{"line":4,"column":82}},"4":{"start":{"line":5,"column":0},"end":{"line":5,"column":7}},"5":{"start":{"line":6,"column":0},"end":{"line":6,"column":39}},"6":{"start":{"line":7,"column":0},"end":{"line":7,"column":16}},"7":{"start":{"line":8,"column":0},"end":{"line":8,"column":24}},"8":{"start":{"line":9,"column":0},"end":{"line":9,"column":22}},"9":{"start":{"line":10,"column":0},"end":{"line":10,"column":26}},"10":{"start":{"line":11,"column":0},"end":{"line":11,"column":25}},"12":{"start":{"line":13,"column":0},"end":{"line":13,"column":655}},"13":{"start":{"line":14,"column":0},"end":{"line":14,"column":8}}},"s":{"3":1,"4":11,"5":11,"6":11,"7":11,"8":11,"9":11,"10":11,"12":11,"13":11},"branchMap":{"0":{"type":"branch","line":4,"loc":{"start":{"line":4,"column":62},"end":{"line":14,"column":8}},"locations":[{"start":{"line":4,"column":62},"end":{"line":14,"column":8}}]}},"b":{"0":[11]},"fnMap":{"0":{"name":"SparklesIcon","decl":{"start":{"line":4,"column":62},"end":{"line":14,"column":8}},"loc":{"start":{"line":4,"column":62},"end":{"line":14,"column":8}},"line":4}},"f":{"0":11}}
,"/home/runner/work/interview-ace/interview-ace/components/icons/SpinnerIcon.tsx": {"path":"/home/runner/work/interview-ace/interview-ace/components/icons/SpinnerIcon.tsx","all":true,"statementMap":{"3":{"start":{"line":4,"column":0},"end":{"line":4,"column":80}},"4":{"start":{"line":5,"column":0},"end":{"line":5,"column":6}},"5":{"start":{"line":6,"column":0},"end":{"line":6,"column":38}},"6":{"start":{"line":7,"column":0},"end":{"line":7,"column":25}},"7":{"start":{"line":8,"column":0},"end":{"line":8,"column":14}},"9":{"start":{"line":10,"column":0},"end":{"line":10,"column":98}},"10":{"start":{"line":11,"column":0},"end":{"line":11,"column":50}},"11":{"start":{"line":12,"column":0},"end":{"line":12,"column":68}},"12":{"start":{"line":13,"column":0},"end":{"line":13,"column":68}},"13":{"start":{"line":14,"column":0},"end":{"line":14,"column":68}},"14":{"start":{"line":15,"column":0},"end":{"line":15,"column":66}},"15":{"start":{"line":16,"column":0},"end":{"line":16,"column":21}},"16":{"start":{"line":17,"column":0},"end":{"line":17,"column":179}},"17":{"start":{"line":18,"column":0},"end":{"line":18,"column":185}},"18":{"start":{"line":19,"column":0},"end":{"line":19,"column":13}},"19":{"start":{"line":20,"column":0},"end":{"line":20,"column":153}},"20":{"start":{"line":21,"column":0},"end":{"line":21,"column":8}}},"s":{"3":0,"4":0,"5":0,"6":0,"7":0,"9":0,"10":0,"11":0,"12":0,"13":0,"14":0,"15":0,"16":0,"17":0,"18":0,"19":0,"20":0},"branchMap":{"0":{"type":"branch","line":1,"loc":{"start":{"line":1,"column":1192},"end":{"line":22,"column":2}},"locations":[{"start":{"line":1,"column":1192},"end":{"line":22,"column":2}}]}},"b":{"0":[1]},"fnMap":{"0":{"name":"(empty-report)","decl":{"start":{"line":1,"column":1192},"end":{"line":22,"column":2}},"loc":{"start":{"line":1,"column":1192},"end":{"line":22,"column":2}},"line":1}},"f":{"0":1}}
,"/home/runner/work/interview-ace/interview-ace/components/icons/XIcon.tsx": {"path":"/home/runner/work/interview-ace/interview-ace/components/icons/XIcon.tsx","all":false,"statementMap":{"2":{"start":{"line":3,"column":0},"end":{"line":3,"column":74}},"3":{"start":{"line":4,"column":0},"end":{"line":4,"column":125}},"4":{"start":{"line":5,"column":0},"end":{"line":5,"column":82}},"5":{"start":{"line":6,"column":0},"end":{"line":6,"column":8}}},"s":{"2":1,"3":23,"4":23,"5":23},"branchMap":{"0":{"type":"branch","line":3,"loc":{"start":{"line":3,"column":62},"end":{"line":6,"column":8}},"locations":[{"start":{"line":3,"column":62},"end":{"line":6,"column":8}}]}},"b":{"0":[23]},"fnMap":{"0":{"name":"XIcon","decl":{"start":{"line":3,"column":62},"end":{"line":6,"column":8}},"loc":{"start":{"line":3,"column":62},"end":{"line":6,"column":8}},"line":3}},"f":{"0":23}}
,"/home/runner/work/interview-ace/interview-ace/server/index.ts": {"path":"/home/runner/work/interview-ace/interview-ace/server/index.ts","all":false,"statementMap":{"1":{"start":{"line":2,"column":0},"end":{"line":2,"column":30}},"2":{"start":{"line":3,"column":0},"end":{"line":3,"column":24}},"3":{"start":{"line":4,"column":0},"end":{"line":4,"column":28}},"6":{"start":{"line":7,"column":0},"end":{"line":7,"column":46}},"7":{"start":{"line":8,"column":0},"end":{"line":8,"column":50}},"9":{"start":{"line":10,"column":0},"end":{"line":10,"column":38}},"11":{"start":{"line":12,"column":0},"end":{"line":12,"column":34}},"12":{"start":{"line":13,"column":0},"end":{"line":13,"column":22}},"13":{"start":{"line":14,"column":0},"end":{"line":14,"column":38}},"15":{"start":{"line":16,"column":0},"end":{"line":16,"column":30}},"17":{"start":{"line":18,"column":0},"end":{"line":18,"column":19}},"19":{"start":{"line":20,"column":0},"end":{"line":20,"column":16}},"20":{"start":{"line":21,"column":0},"end":{"line":21,"column":24}},"22":{"start":{"line":23,"column":0},"end":{"line":23,"column":77}},"24":{"start":{"line":25,"column":0},"end":{"line":25,"column":24}},"25":{"start":{"line":26,"column":0},"end":{"line":26,"column":20}},"26":{"start":{"line":27,"column":0},"end":{"line":27,"column":15}},"27":{"start":{"line":28,"column":0},"end":{"line":28,"column":14}},"28":{"start":{"line":29,"column":0},"end":{"line":29,"column":24}},"29":{"start":{"line":30,"column":0},"end":{"line":30,"column":19}},"30":{"start":{"line":31,"column":0},"end":{"line":31,"column":37}},"31":{"start":{"line":32,"column":0},"end":{"line":32,"column":41}},"32":{"start":{"line":33,"column":0},"end":{"line":33,"column":22}},"33":{"start":{"line":34,"column":0},"end":{"line":34,"column":27}},"34":{"start":{"line":35,"column":0},"end":{"line":35,"column":18}},"35":{"start":{"line":36,"column":0},"end":{"line":36,"column":30}},"36":{"start":{"line":37,"column":0},"end":{"line":37,"column":25}},"37":{"start":{"line":38,"column":0},"end":{"line":38,"column":43}},"38":{"start":{"line":39,"column":0},"end":{"line":39,"column":44}},"39":{"start":{"line":40,"column":0},"end":{"line":40,"column":49}},"40":{"start":{"line":41,"column":0},"end":{"line":41,"column":14}},"41":{"start":{"line":42,"column":0},"end":{"line":42,"column":12}},"42":{"start":{"line":43,"column":0},"end":{"line":43,"column":10}},"43":{"start":{"line":44,"column":0},"end":{"line":44,"column":8}},"44":{"start":{"line":45,"column":0},"end":{"line":45,"column":6}},"45":{"start":{"line":46,"column":0},"end":{"line":46,"column":16}},"46":{"start":{"line":47,"column":0},"end":{"line":47,"column":23}},"47":{"start":{"line":48,"column":0},"end":{"line":48,"column":35}},"48":{"start":{"line":49,"column":0},"end":{"line":49,"column":6}},"49":{"start":{"line":50,"column":0},"end":{"line":50,"column":17}},"50":{"start":{"line":51,"column":0},"end":{"line":51,"column":24}},"51":{"start":{"line":52,"column":0},"end":{"line":52,"column":19}},"52":{"start":{"line":53,"column":0},"end":{"line":53,"column":21}},"53":{"start":{"line":54,"column":0},"end":{"line":54,"column":28}},"54":{"start":{"line":55,"column":0},"end":{"line":55,"column":23}},"55":{"start":{"line":56,"column":0},"end":{"line":56,"column":41}},"56":{"start":{"line":57,"column":0},"end":{"line":57,"column":29}},"57":{"start":{"line":58,"column":0},"end":{"line":58,"column":32}},"58":{"start":{"line":59,"column":0},"end":{"line":59,"column":27}},"59":{"start":{"line":60,"column":0},"end":{"line":60,"column":48}},"60":{"start":{"line":61,"column":0},"end":{"line":61,"column":50}},"61":{"start":{"line":62,"column":0},"end":{"line":62,"column":16}},"62":{"start":{"line":63,"column":0},"end":{"line":63,"column":51}},"63":{"start":{"line":64,"column":0},"end":{"line":64,"column":14}},"64":{"start":{"line":65,"column":0},"end":{"line":65,"column":30}},"65":{"start":{"line":66,"column":0},"end":{"line":66,"column":32}},"66":{"start":{"line":67,"column":0},"end":{"line":67,"column":27}},"67":{"start":{"line":68,"column":0},"end":{"line":68,"column":48}},"68":{"start":{"line":69,"column":0},"end":{"line":69,"column":50}},"69":{"start":{"line":70,"column":0},"end":{"line":70,"column":16}},"70":{"start":{"line":71,"column":0},"end":{"line":71,"column":51}},"71":{"start":{"line":72,"column":0},"end":{"line":72,"column":14}},"72":{"start":{"line":73,"column":0},"end":{"line":73,"column":12}},"73":{"start":{"line":74,"column":0},"end":{"line":74,"column":10}},"74":{"start":{"line":75,"column":0},"end":{"line":75,"column":32}},"75":{"start":{"line":76,"column":0},"end":{"line":76,"column":28}},"76":{"start":{"line":77,"column":0},"end":{"line":77,"column":10}},"77":{"start":{"line":78,"column":0},"end":{"line":78,"column":18}},"78":{"start":{"line":79,"column":0},"end":{"line":79,"column":28}},"79":{"start":{"line":80,"column":0},"end":{"line":80,"column":23}},"80":{"start":{"line":81,"column":0},"end":{"line":81,"column":41}},"81":{"start":{"line":82,"column":0},"end":{"line":82,"column":29}},"82":{"start":{"line":83,"column":0},"end":{"line":83,"column":32}},"83":{"start":{"line":84,"column":0},"end":{"line":84,"column":27}},"84":{"start":{"line":85,"column":0},"end":{"line":85,"column":48}},"85":{"start":{"line":86,"column":0},"end":{"line":86,"column":50}},"86":{"start":{"line":87,"column":0},"end":{"line":87,"column":16}},"87":{"start":{"line":88,"column":0},"end":{"line":88,"column":51}},"88":{"start":{"line":89,"column":0},"end":{"line":89,"column":14}},"89":{"start":{"line":90,"column":0},"end":{"line":90,"column":30}},"90":{"start":{"line":91,"column":0},"end":{"line":91,"column":32}},"91":{"start":{"line":92,"column":0},"end":{"line":92,"column":27}},"92":{"start":{"line":93,"column":0},"end":{"line":93,"column":48}},"93":{"start":{"line":94,"column":0},"end":{"line":94,"column":50}},"94":{"start":{"line":95,"column":0},"end":{"line":95,"column":16}},"95":{"start":{"line":96,"column":0},"end":{"line":96,"column":51}},"96":{"start":{"line":97,"column":0},"end":{"line":97,"column":14}},"97":{"start":{"line":98,"column":0},"end":{"line":98,"column":12}},"98":{"start":{"line":99,"column":0},"end":{"line":99,"column":10}},"99":{"start":{"line":100,"column":0},"end":{"line":100,"column":8}},"100":{"start":{"line":101,"column":0},"end":{"line":101,"column":6}},"101":{"start":{"line":102,"column":0},"end":{"line":102,"column":11}},"102":{"start":{"line":103,"column":0},"end":{"line":103,"column":24}},"103":{"start":{"line":104,"column":0},"end":{"line":104,"column":19}},"104":{"start":{"line":105,"column":0},"end":{"line":105,"column":42}},"105":{"start":{"line":106,"column":0},"end":{"line":106,"column":38}},"106":{"start":{"line":107,"column":0},"end":{"line":107,"column":36}},"107":{"start":{"line":108,"column":0},"end":{"line":108,"column":8}},"108":{"start":{"line":109,"column":0},"end":{"line":109,"column":6}},"109":{"start":{"line":110,"column":0},"end":{"line":110,"column":16}},"110":{"start":{"line":111,"column":0},"end":{"line":111,"column":23}},"111":{"start":{"line":112,"column":0},"end":{"line":112,"column":14}},"112":{"start":{"line":113,"column":0},"end":{"line":113,"column":26}},"113":{"start":{"line":114,"column":0},"end":{"line":114,"column":21}},"114":{"start":{"line":115,"column":0},"end":{"line":115,"column":42}},"115":{"start":{"line":116,"column":0},"end":{"line":116,"column":40}},"116":{"start":{"line":117,"column":0},"end":{"line":117,"column":10}},"117":{"start":{"line":118,"column":0},"end":{"line":118,"column":8}},"118":{"start":{"line":119,"column":0},"end":{"line":119,"column":6}},"119":{"start":{"line":120,"column":0},"end":{"line":120,"column":14}},"120":{"start":{"line":121,"column":0},"end":{"line":121,"column":24}},"121":{"start":{"line":122,"column":0},"end":{"line":122,"column":19}},"122":{"start":{"line":123,"column":0},"end":{"line":123,"column":43}},"123":{"start":{"line":124,"column":0},"end":{"line":124,"column":43}},"124":{"start":{"line":125,"column":0},"end":{"line":125,"column":8}},"125":{"start":{"line":126,"column":0},"end":{"line":126,"column":6}},"126":{"start":{"line":127,"column":0},"end":{"line":127,"column":4}},"127":{"start":{"line":128,"column":0},"end":{"line":128,"column":2}},"129":{"start":{"line":130,"column":0},"end":{"line":130,"column":37}},"130":{"start":{"line":131,"column":0},"end":{"line":131,"column":23}},"131":{"start":{"l
[...]
{"start":{"line":189,"column":0},"end":{"line":189,"column":3}},"189":{"start":{"line":190,"column":0},"end":{"line":190,"column":3}},"192":{"start":{"line":193,"column":0},"end":{"line":193,"column":50}},"193":{"start":{"line":194,"column":0},"end":{"line":194,"column":40}},"194":{"start":{"line":195,"column":0},"end":{"line":195,"column":18}},"195":{"start":{"line":196,"column":0},"end":{"line":196,"column":100}},"204":{"start":{"line":205,"column":0},"end":{"line":205,"column":7}},"205":{"start":{"line":206,"column":0},"end":{"line":206,"column":52}},"206":{"start":{"line":207,"column":0},"end":{"line":207,"column":32}},"207":{"start":{"line":208,"column":0},"end":{"line":208,"column":23}},"208":{"start":{"line":209,"column":0},"end":{"line":209,"column":15}},"209":{"start":{"line":210,"column":0},"end":{"line":210,"column":45}},"210":{"start":{"line":211,"column":0},"end":{"line":211,"column":39}},"211":{"start":{"line":212,"column":0},"end":{"line":212,"column":8}},"212":{"start":{"line":213,"column":0},"end":{"line":213,"column":7}},"214":{"start":{"line":215,"column":0},"end":{"line":215,"column":39}},"216":{"start":{"line":217,"column":0},"end":{"line":217,"column":79}},"217":{"start":{"line":218,"column":0},"end":{"line":218,"column":41}},"218":{"start":{"line":219,"column":0},"end":{"line":219,"column":65}},"219":{"start":{"line":220,"column":0},"end":{"line":220,"column":57}},"220":{"start":{"line":221,"column":0},"end":{"line":221,"column":53}},"222":{"start":{"line":223,"column":0},"end":{"line":223,"column":22}},"223":{"start":{"line":224,"column":0},"end":{"line":224,"column":19}},"224":{"start":{"line":225,"column":0},"end":{"line":225,"column":25}},"225":{"start":{"line":226,"column":0},"end":{"line":226,"column":60}},"226":{"start":{"line":227,"column":0},"end":{"line":227,"column":3}},"227":{"start":{"line":228,"column":0},"end":{"line":228,"column":3}},"230":{"start":{"line":231,"column":0},"end":{"line":231,"column":48}},"231":{"start":{"line":232,"column":0},"end":{"line":232,"column":68}},"232":{"start":{"line":233,"column":0},"end":{"line":233,"column":18}},"233":{"start":{"line":234,"column":0},"end":{"line":234,"column":75}},"234":{"start":{"line":235,"column":0},"end":{"line":235,"column":42}},"237":{"start":{"line":238,"column":0},"end":{"line":238,"column":15}},"248":{"start":{"line":249,"column":0},"end":{"line":249,"column":7}},"249":{"start":{"line":250,"column":0},"end":{"line":250,"column":52}},"250":{"start":{"line":251,"column":0},"end":{"line":251,"column":32}},"251":{"start":{"line":252,"column":0},"end":{"line":252,"column":23}},"252":{"start":{"line":253,"column":0},"end":{"line":253,"column":15}},"253":{"start":{"line":254,"column":0},"end":{"line":254,"column":45}},"254":{"start":{"line":255,"column":0},"end":{"line":255,"column":39}},"255":{"start":{"line":256,"column":0},"end":{"line":256,"column":8}},"256":{"start":{"line":257,"column":0},"end":{"line":257,"column":7}},"258":{"start":{"line":259,"column":0},"end":{"line":259,"column":39}},"260":{"start":{"line":261,"column":0},"end":{"line":261,"column":79}},"261":{"start":{"line":262,"column":0},"end":{"line":262,"column":41}},"262":{"start":{"line":263,"column":0},"end":{"line":263,"column":65}},"263":{"start":{"line":264,"column":0},"end":{"line":264,"column":57}},"264":{"start":{"line":265,"column":0},"end":{"line":265,"column":53}},"266":{"start":{"line":267,"column":0},"end":{"line":267,"column":22}},"267":{"start":{"line":268,"column":0},"end":{"line":268,"column":19}},"268":{"start":{"line":269,"column":0},"end":{"line":269,"column":49}},"269":{"start":{"line":270,"column":0},"end":{"line":270,"column":26}},"270":{"start":{"line":271,"column":0},"end":{"line":271,"column":36}},"271":{"start":{"line":272,"column":0},"end":{"line":272,"column":74}},"272":{"start":{"line":273,"column":0},"end":{"line":273,"column":7}},"273":{"start":{"line":274,"column":0},"end":{"line":274,"column":3}},"274":{"start":{"line":275,"column":0},"end":{"line":275,"column":3}},"276":{"start":{"line":277,"column":0},"end":{"line":277,"column":67}},"277":{"start":{"line":278,"column":0},"end":{"line":278,"column":26}},"278":{"start":{"line":279,"column":0},"end":{"line":279,"column":62}},"279":{"start":{"line":280,"column":0},"end":{"line":280,"column":5}},"280":{"start":{"line":281,"column":0},"end":{"line":281,"column":1}}},"s":{"1":1,"2":1,"3":1,"6":1,"7":1,"9":1,"11":1,"12":1,"13":1,"15":1,"17":1,"19":1,"20":1,"22":1,"24":1,"25":1,"26":1,"27":1,"28":1,"29":1,"30":1,"31":1,"32":1,"33":1,"34":1,"35":1,"36":1,"37":1,"38":1,"39":1,"40":1,"41":1,"42":1,"43":1,"44":1,"45":1,"46":1,"47":1,"48":1,"49":1,"50":1,"51":1,"52":1,"53":1,"54":1,"55":1,"56":1,"57":1,"58":1,"59":1,"60":1,"61":1,"62":1,"63":1,"64":1,"65":1,"66":1,"67":1,"68":1,"69":1,"70":1,"71":1,"72":1,"73":1,"74":1,"75":1,"76":1,"77":1,"78":1,"79":1,"80":1,"81":1,"82":1,"83":1,"84":1,"85":1,"86":1,"87":1,"88":1,"89":1,"90":1,"91":1,"92":1,"93":1,"94":1,"95":1,"96":1,"97":1,"98":1,"99":1,"100":1,"101":1,"102":1,"103":1,"104":1,"105":1,"106":1,"107":1,"108":1,"109":1,"110":1,"111":1,"112":1,"113":1,"114":1,"115":1,"116":1,"117":1,"118":1,"119":1,"120":1,"121":1,"122":1,"123":1,"124":1,"125":1,"126":1,"127":1,"129":1,"130":15,"131":12,"132":12,"135":1,"136":2,"137":2,"138":2,"139":2,"140":1,"141":1,"142":1,"143":1,"144":1,"145":1,"146":1,"147":1,"148":2,"151":1,"152":3,"153":3,"154":3,"155":3,"156":3,"157":1,"158":1,"159":1,"160":1,"161":3,"164":1,"165":2,"166":2,"167":2,"168":2,"169":2,"170":1,"171":1,"172":1,"173":1,"174":1,"175":2,"178":1,"179":2,"180":2,"181":2,"182":2,"183":2,"184":2,"185":1,"186":1,"187":1,"188":1,"189":2,"192":1,"193":4,"194":4,"195":4,"204":4,"205":4,"206":4,"207":4,"208":4,"209":4,"210":4,"211":4,"212":4,"214":3,"216":3,"217":3,"218":3,"219":3,"220":3,"222":3,"223":4,"224":1,"225":1,"226":1,"227":4,"230":1,"231":4,"232":4,"233":4,"234":4,"237":4,"248":4,"249":4,"250":4,"251":4,"252":4,"253":4,"254":4,"255":4,"256":4,"258":2,"260":2,"261":2,"262":2,"263":2,"264":2,"266":2,"267":2,"268":2,"269":2,"270":2,"271":2,"272":2,"273":2,"274":4,"276":1,"277":1,"278":1,"279":1,"280":1},"branchMap":{"0":{"type":"branch","line":130,"loc":{"start":{"line":130,"column":18},"end":{"line":133,"column":2}},"locations":[{"start":{"line":130,"column":18},"end":{"line":133,"column":2}}]},"1":{"type":"branch","line":131,"loc":{"start":{"line":131,"column":13},"end":{"line":131,"column":23}},"locations":[{"start":{"line":131,"column":13},"end":{"line":131,"column":23}}]},"2":{"type":"branch","line":131,"loc":{"start":{"line":131,"column":20},"end":{"line":133,"column":2}},"locations":[{"start":{"line":131,"column":20},"end":{"line":133,"column":2}}]},"3":{"type":"branch","line":136,"loc":{"start":{"line":136,"column":26},"end":{"line":149,"column":3}},"locations":[{"start":{"line":136,"column":26},"end":{"line":149,"column":3}}]},"4":{"type":"branch","line":140,"loc":{"start":{"line":140,"column":5},"end":{"line":148,"column":3}},"locations":[{"start":{"line":140,"column":5},"end":{"line":148,"column":3}}]},"5":{"type":"branch","line":146,"loc":{"start":{"line":146,"column":46},"end":{"line":146,"column":80}},"locations":[{"start":{"line":146,"column":46},"end":{"line":146,"column":80}}]},"6":{"type":"branch","line":152,"loc":{"start":{"line":152,"column":30},"end":{"line":162,"column":3}},"locations":[{"start":{"line":152,"column":30},"end":{"line":162,"column":3}}]},"7":{"type":"branch","line":156,"loc":{"start":{"line":156,"column":5},"end":{"line":157,"column":26}},"locations":[{"start":{"line":156,"column":5},"end":{"line":157,"column":26}}]},"8":{"type":"branch","line":157,"loc":{"start":{"line":157,"column":19},"end":{"line":161,"column":3}},"locations":[{"start":{"line":157,"column":19},"end":{"line":161,"column":3}}]},"9":{"type":"branch","line":165,"loc":{"start":{"line":165,"column":27},"end":{"line":176,"column":3}},"locations":[{"start":{"line":165,"column":27},"end":{"line":176,"column":3}}]},"10":{"type":"branch","line":170,"loc":{"start":{"line":170,"column":5},"end":{"line":175,"column":3}},"locations":[{"start":{"line":170,"column":5},"end":{"line":175,"column":3}}]},"11":{"type":"branch","line":179,"loc":{"start":{"line":179,"column":30},"end":{"line":190,"column":3}},"locations":[{"start":{"line":179,"column":30},"end":{"line":190,"column":3}}]},"12":{"type":"branch","line":185,"loc":{"start":{"line":185,"column":5},"end":{"line":189,"column":3}},"locations":[{"start":{"line":185,"column":5},"end":{"line":189,"column":3}}]},"13":{"type":"branch","line":193,"loc":{"start":{"line":193,"column":29},"end":{"line":228,"column":3}},"locations":[{"start":{"line":193,"column":29},"end":{"line":228,"column":3}}]},"14":{"type":"branch","line":213,"loc":{"start":{"line":213,"column":5},"end":{"line":224,"column":11}},"locations":[{"start":{"line":213,"column":5},"end":{"line":224,"column":11}}]},"15":{"type":"branch","line":224,"loc":{"start":{"line":224,"column":2},"end":{"line":227,"column":3}},"locations":[{"start":{"line":224,"column":2},"end":{"line":227,"column":3}}]},"16":{"type":"branch","line":231,"loc":{"start":{"line":231,"column":27},"end":{"line":275,"column":3}},"locations":[{"start":{"line":231,"column":27},"end":{"line":275,"column":3}}]},"17":{"type":"branch","line":257,"loc":{"start":{"line":257,"column":5},"end":{"line":274,"column":3}},"locations":[{"start":{"line":257,"column":5},"end":{"line":274,"column":3}}]},"18":{"type":"branch","line":272,"loc":{"start":{"line":272,"column":32},"end":{"line":272,"column":56}},"locations":[{"start":{"line":272,"column":32},"end":{"line":272,"column":56}}]},"19":{"type":"branch","line":272,"loc":{"start":{"line":272,"column":46},"end":{"line":272,"column":74}},"locations":[{"start":{"line":272,"column":46},"end":{"line":272,"column":74}}]},"20":{"type":"branch","line":278,"loc":{"start":{"line":278,"column":19},"end":{"line":280,"column":3}},"locations":[{"start":{"line":278,"column":19},"end":{"line":280,"column":3}}]}},"b":{"0":[15],"1":[3],"2":[12],"3":[2],"4":[1],"5":[0],"6":[3],"7":[2],"8":[1],"9":[2],"10":[1],"11":[2],"12":[1],"13":[4],"14":[3],"15":[1],"16":[4],"17":[2],"18":[1],"19":[1],"20":[1]},"fnMap":{"0":{"name":"cleanCode","decl":{"start":{"line":130,"column":18},"end":{"line":133,"column":2}},"loc":{"start":{"line":130,"column":18},"end":{"line":133,"column":2}},"line":130}},"f":{"0":15}}
,"/home/runner/work/interview-ace/interview-ace/services/dbService.ts": {"path":"/home/runner/work/interview-ace/interview-ace/services/dbService.ts","all":false,"statementMap":{"3":{"start":{"line":4,"column":0},"end":{"line":4,"column":28}},"5":{"start":{"line":6,"column":0},"end":{"line":6,"column":26}},"6":{"start":{"line":7,"column":0},"end":{"line":7,"column":50}},"7":{"start":{"line":8,"column":0},"end":{"line":8,"column":62}},"8":{"start":{"line":9,"column":0},"end":{"line":9,"column":67}},"9":{"start":{"line":10,"column":0},"end":{"line":10,"column":27}},"10":{"start":{"line":11,"column":0},"end":{"line":11,"column":4}},"12":{"start":{"line":13,"column":0},"end":{"line":13,"column":73}},"13":{"start":{"line":14,"column":0},"end":{"line":14,"column":68}},"14":{"start":{"line":15,"column":0},"end":{"line":15,"column":50}},"15":{"start":{"line":16,"column":0},"end":{"line":16,"column":66}},"16":{"start":{"line":17,"column":0},"end":{"line":17,"column":27}},"17":{"start":{"line":18,"column":0},"end":{"line":18,"column":4}},"19":{"start":{"line":20,"column":0},"end":{"line":20,"column":65}},"20":{"start":{"line":21,"column":0},"end":{"line":21,"column":63}},"21":{"start":{"line":22,"column":0},"end":{"line":22,"column":21}},"22":{"start":{"line":23,"column":0},"end":{"line":23,"column":54}},"23":{"start":{"line":24,"column":0},"end":{"line":24,"column":37}},"24":{"start":{"line":25,"column":0},"end":{"line":25,"column":7}},"25":{"start":{"line":26,"column":0},"end":{"line":26,"column":64}},"26":{"start":{"line":27,"column":0},"end":{"line":27,"column":27}},"27":{"start":{"line":28,"column":0},"end":{"line":28,"column":4}},"29":{"start":{"line":30,"column":0},"end":{"line":30,"column":93}},"30":{"start":{"line":31,"column":0},"end":{"line":31,"column":69}},"31":{"start":{"line":32,"column":0},"end":{"line":32,"column":20}},"32":{"start":{"line":33,"column":0},"end":{"line":33,"column":54}},"33":{"start":{"line":34,"column":0},"end":{"line":34,"column":40}},"34":{"start":{"line":35,"column":0},"end":{"line":35,"column":7}},"35":{"start":{"line":36,"column":0},"end":{"line":36,"column":67}},"36":{"start":{"line":37,"column":0},"end":{"line":37,"column":27}},"37":{"start":{"line":38,"column":0},"end":{"line":38,"column":3}},"38":{"start":{"line":39,"column":0},"end":{"line":39,"column":2}}},"s":{"3":1,"5":1,"6":1,"7":2,"8":2,"9":1,"10":2,"12":1,"13":3,"14":3,"15":3,"16":1,"17":3,"19":1,"20":2,"21":2,"22":2,"23":2,"24":2,"25":2,"26":1,"27":2,"29":1,"30":2,"31":2,"32":2,"33":2,"34":2,"35":2,"36":1,"37":2,"38":1},"branchMap":{"0":{"type":"branch","line":7,"loc":{"start":{"line":7,"column":16},"end":{"line":11,"column":4}},"locations":[{"start":{"line":7,"column":16},"end":{"line":11,"column":4}}]},"1":{"type":"branch","line":9,"loc":{"start":{"line":9,"column":22},"end":{"line":10,"column":27}},"locations":[{"start":{"line":9,"column":22},"end":{"line":10,"column":27}}]},"2":{"type":"branch","line":13,"loc":{"start":{"line":13,"column":19},"end":{"line":18,"column":4}},"locations":[{"start":{"line":13,"column":19},"end":{"line":18,"column":4}}]},"3":{"type":"branch","line":15,"loc":{"start":{"line":15,"column":33},"end":{"line":15,"column":50}},"locations":[{"start":{"line":15,"column":33},"end":{"line":15,"column":50}}]},"4":{"type":"branch","line":15,"loc":{"start":{"line":15,"column":40},"end":{"line":16,"column":28}},"locations":[{"start":{"line":15,"column":40},"end":{"line":16,"column":28}}]},"5":{"type":"branch","line":16,"loc":{"start":{"line":16,"column":22},"end":{"line":17,"column":27}},"locations":[{"start":{"line":16,"column":22},"end":{"line":17,"column":27}}]},"6":{"type":"branch","line":20,"loc":{"start":{"line":20,"column":15},"end":{"line":28,"column":4}},"locations":[{"start":{"line":20,"column":15},"end":{"line":28,"column":4}}]},"7":{"type":"branch","line":26,"loc":{"start":{"line":26,"column":22},"end":{"line":27,"column":27}},"locations":[{"start":{"line":26,"column":22},"end":{"line":27,"column":27}}]},"8":{"type":"branch","line":30,"loc":{"start":{"line":30,"column":25},"end":{"line":38,"column":3}},"locations":[{"start":{"line":30,"column":25},"end":{"line":38,"column":3}}]},"9":{"type":"branch","line":36,"loc":{"start":{"line":36,"column":22},"end":{"line":37,"column":27}},"locations":[{"start":{"line":36,"column":22},"end":{"line":37,"column":27}}]}},"b":{"0":[2],"1":[1],"2":[3],"3":[1],"4":[2],"5":[1],"6":[2],"7":[1],"8":[2],"9":[1]},"fnMap":{"0":{"name":"getQuestions","decl":{"start":{"line":7,"column":16},"end":{"line":11,"column":4}},"loc":{"start":{"line":7,"column":16},"end":{"line":11,"column":4}},"line":7},"1":{"name":"getQuestionById","decl":{"start":{"line":13,"column":19},"end":{"line":18,"column":4}},"loc":{"start":{"line":13,"column":19},"end":{"line":18,"column":4}},"line":13},"2":{"name":"addQuestion","decl":{"start":{"line":20,"column":15},"end":{"line":28,"column":4}},"loc":{"start":{"line":20,"column":15},"end":{"line":28,"column":4}},"line":20},"3":{"name":"updateQuestionDetails","decl":{"start":{"line":30,"column":25},"end":{"line":38,"column":3}},"loc":{"start":{"line":30,"column":25},"end":{"line":38,"column":3}},"line":30}},"f":{"0":2,"1":3,"2":2,"3":2}}
,"/home/runner/work/interview-ace/interview-ace/services/geminiService.ts": {"path":"/home/runner/work/interview-ace/interview-ace/services/geminiService.ts","all":false,"statementMap":{"3":{"start":{"line":4,"column":0},"end":{"line":4,"column":31}},"5":{"start":{"line":6,"column":0},"end":{"line":6,"column":30}},"6":{"start":{"line":7,"column":0},"end":{"line":7,"column":90}},"7":{"start":{"line":8,"column":0},"end":{"line":8,"column":62}},"8":{"start":{"line":9,"column":0},"end":{"line":9,"column":21}},"9":{"start":{"line":10,"column":0},"end":{"line":10,"column":54}},"10":{"start":{"line":11,"column":0},"end":{"line":11,"column":49}},"11":{"start":{"line":12,"column":0},"end":{"line":12,"column":7}},"12":{"start":{"line":13,"column":0},"end":{"line":13,"column":23}},"13":{"start":{"line":14,"column":0},"end":{"line":14,"column":64}},"14":{"start":{"line":15,"column":0},"end":{"line":15,"column":75}},"15":{"start":{"line":16,"column":0},"end":{"line":16,"column":40}},"16":{"start":{"line":17,"column":0},"end":{"line":17,"column":18}},"17":{"start":{"line":18,"column":0},"end":{"line":18,"column":5}},"18":{"start":{"line":19,"column":0},"end":{"line":19,"column":27}},"19":{"start":{"line":20,"column":0},"end":{"line":20,"column":4}},"21":{"start":{"line":22,"column":0},"end":{"line":22,"column":141}},"22":{"start":{"line":23,"column":0},"end":{"line":23,"column":60}},"23":{"start":{"line":24,"column":0},"end":{"line":24,"column":21}},"24":{"start":{"line":25,"column":0},"end":{"line":25,"column":54}},"25":{"start":{"line":26,"column":0},"end":{"line":26,"column":77}},"26":{"start":{"line":27,"column":0},"end":{"line":27,"column":7}},"27":{"start":{"line":28,"column":0},"end":{"line":28,"column":23}},"28":{"start":{"line":29,"column":0},"end":{"line":29,"column":64}},"29":{"start":{"line":30,"column":0},"end":{"line":30,"column":73}},"30":{"start":{"line":31,"column":0},"end":{"line":31,"column":40}},"31":{"start":{"line":32,"column":0},"end":{"line":32,"column":18}},"32":{"start":{"line":33,"column":0},"end":{"line":33,"column":5}},"33":{"start":{"line":34,"column":0},"end":{"line":34,"column":27}},"34":{"start":{"line":35,"column":0},"end":{"line":35,"column":3}},"35":{"start":{"line":36,"column":0},"end":{"line":36,"column":2}}},"s":{"3":1,"5":1,"6":1,"7":4,"8":4,"9":4,"10":4,"11":4,"12":4,"13":3,"14":3,"15":3,"16":3,"17":3,"18":1,"19":4,"21":1,"22":3,"23":3,"24":3,"25":3,"26":3,"27":3,"28":2,"29":2,"30":2,"31":2,"32":2,"33":1,"34":3,"35":1},"branchMap":{"0":{"type":"branch","line":7,"loc":{"start":{"line":7,"column":27},"end":{"line":20,"column":4}},"locations":[{"start":{"line":7,"column":27},"end":{"line":20,"column":4}}]},"1":{"type":"branch","line":13,"loc":{"start":{"line":13,"column":22},"end":{"line":18,"column":5}},"locations":[{"start":{"line":13,"column":22},"end":{"line":18,"column":5}}]},"2":{"type":"branch","line":18,"loc":{"start":{"line":18,"column":4},"end":{"line":19,"column":27}},"locations":[{"start":{"line":18,"column":4},"end":{"line":19,"column":27}}]},"3":{"type":"branch","line":14,"loc":{"start":{"line":14,"column":52},"end":{"line":14,"column":62}},"locations":[{"start":{"line":14,"column":52},"end":{"line":14,"column":62}}]},"4":{"type":"branch","line":22,"loc":{"start":{"line":22,"column":25},"end":{"line":35,"column":3}},"locations":[{"start":{"line":22,"column":25},"end":{"line":35,"column":3}}]},"5":{"type":"branch","line":28,"loc":{"start":{"line":28,"column":22},"end":{"line":33,"column":5}},"locations":[{"start":{"line":28,"column":22},"end":{"line":33,"column":5}}]},"6":{"type":"branch","line":33,"loc":{"start":{"line":33,"column":4},"end":{"line":34,"column":27}},"locations":[{"start":{"line":33,"column":4},"end":{"line":34,"column":27}}]},"7":{"type":"branch","line":29,"loc":{"start":{"line":29,"column":52},"end":{"line":29,"column":62}},"locations":[{"start":{"line":29,"column":52},"end":{"line":29,"column":62}}]}},"b":{"0":[4],"1":[3],"2":[1],"3":[1],"4":[3],"5":[2],"6":[1],"7":[1]},"fnMap":{"0":{"name":"generateQuestionDetails","decl":{"start":{"line":7,"column":27},"end":{"line":20,"column":4}},"loc":{"start":{"line":7,"column":27},"end":{"line":20,"column":4}},"line":7},"1":{"name":"refineQuestionDetails","decl":{"start":{"line":22,"column":25},"end":{"line":35,"column":3}},"loc":{"start":{"line":22,"column":25},"end":{"line":35,"column":3}},"line":22}},"f":{"0":4,"1":3}}
}
